2018-07-02 11:35:15.689  INFO 8908 --- [restartedMain] com.sdgl.Application                     : Starting Application on AFAAW-801151229 with PID 8908 (F:\javaProject3\tourism\target\classes started by Administrator in F:\javaProject3\tourism)
2018-07-02 11:35:15.689  INFO 8908 --- [restartedMain] com.sdgl.Application                     : No active profile set, falling back to default profiles: default
2018-07-02 11:35:15.861  INFO 8908 --- [restartedMain] ConfigServletWebServerApplicationContext : Refreshing org.springframework.boot.web.servlet.context.AnnotationConfigServletWebServerApplicationContext@54268ddd: startup date [Mon Jul 02 11:35:15 CST 2018]; root of context hierarchy
2018-07-02 11:35:18.424  INFO 8908 --- [restartedMain] .s.d.r.c.RepositoryConfigurationDelegate : Multiple Spring Data modules found, entering strict repository configuration mode!
2018-07-02 11:35:20.471  INFO 8908 --- [restartedMain] trationDelegate$BeanPostProcessorChecker : Bean 'org.springframework.transaction.annotation.ProxyTransactionManagementConfiguration' of type [org.springframework.transaction.annotation.ProxyTransactionManagementConfiguration$$EnhancerBySpringCGLIB$$2ba7f8e0] is not eligible for getting processed by all BeanPostProcessors (for example: not eligible for auto-proxying)
2018-07-02 11:35:25.299  INFO 8908 --- [restartedMain] o.s.b.w.embedded.tomcat.TomcatWebServer  : Tomcat initialized with port(s): 8080 (http)
2018-07-02 11:35:25.330  INFO 8908 --- [restartedMain] o.a.coyote.http11.Http11NioProtocol      : Initializing ProtocolHandler ["http-nio-8080"]
2018-07-02 11:35:25.361  INFO 8908 --- [restartedMain] o.apache.catalina.core.StandardService   : Starting service [Tomcat]
2018-07-02 11:35:25.361  INFO 8908 --- [restartedMain] org.apache.catalina.core.StandardEngine  : Starting Servlet Engine: Apache Tomcat/8.5.29
2018-07-02 11:35:25.377  INFO 8908 --- [localhost-startStop-1] o.a.catalina.core.AprLifecycleListener   : The APR based Apache Tomcat Native library which allows optimal performance in production environments was not found on the java.library.path: [E:\Software Installation\Java\jdk1.8.0_171\bin;C:\WINDOWS\Sun\Java\bin;C:\WINDOWS\system32;C:\WINDOWS;C:\Program Files (x86)\Common Files\Oracle\Java\javapath;C:\WINDOWS\system32;C:\WINDOWS;C:\WINDOWS\System32\Wbem;C:\WINDOWS\System32\WindowsPowerShell\v1.0\;E:\Software Installation\Java\jdk1.7.0_51;E:\Software Installation\Java\jdk1.8.0_171\bin;E:\Software Installation\Java\jdk1.7.0_51;E:\Software Installation\Java\jdk1.8.0_171\jre\bin;E:\Software Installation\MySQL\MySQL Server 5.5\bin;E:\maven\bin;E:\MongoDB\bin;E:\redis;C:\WINDOWS\System32\OpenSSH\;E:\Software Installation\Git\cmd;C:\Users\Administrator\AppData\Local\Microsoft\WindowsApps;;.]
2018-07-02 11:35:25.674  INFO 8908 --- [localhost-startStop-1] o.a.c.c.C.[Tomcat].[localhost].[/]       : Initializing Spring embedded WebApplicationContext
2018-07-02 11:35:25.674  INFO 8908 --- [localhost-startStop-1] o.s.web.context.ContextLoader            : Root WebApplicationContext: initialization completed in 9813 ms
2018-07-02 11:35:26.267  INFO 8908 --- [localhost-startStop-1] o.s.b.w.servlet.ServletRegistrationBean  : Servlet dispatcherServlet mapped to [/]
2018-07-02 11:35:26.283  INFO 8908 --- [localhost-startStop-1] o.s.b.w.servlet.FilterRegistrationBean   : Mapping filter: 'characterEncodingFilter' to: [/*]
2018-07-02 11:35:26.283  INFO 8908 --- [localhost-startStop-1] o.s.b.w.servlet.FilterRegistrationBean   : Mapping filter: 'hiddenHttpMethodFilter' to: [/*]
2018-07-02 11:35:26.283  INFO 8908 --- [localhost-startStop-1] o.s.b.w.servlet.FilterRegistrationBean   : Mapping filter: 'httpPutFormContentFilter' to: [/*]
2018-07-02 11:35:26.283  INFO 8908 --- [localhost-startStop-1] o.s.b.w.servlet.FilterRegistrationBean   : Mapping filter: 'requestContextFilter' to: [/*]
2018-07-02 11:35:28.564  INFO 8908 --- [restartedMain] o.s.w.s.handler.SimpleUrlHandlerMapping  : Mapped URL path [/**/favicon.ico] onto handler of type [class org.springframework.web.servlet.resource.ResourceHttpRequestHandler]
2018-07-02 11:35:29.705  INFO 8908 --- [restartedMain] s.w.s.m.m.a.RequestMappingHandlerAdapter : Looking for @ControllerAdvice: org.springframework.boot.web.servlet.context.AnnotationConfigServletWebServerApplicationContext@54268ddd: startup date [Mon Jul 02 11:35:15 CST 2018]; root of context hierarchy
2018-07-02 11:35:29.861  INFO 8908 --- [restartedMain] s.w.s.m.m.a.RequestMappingHandlerMapping : Mapped "{[/]}" onto public java.lang.String com.sdgl.controller.UserController.show()
2018-07-02 11:35:29.877  INFO 8908 --- [restartedMain] s.w.s.m.m.a.RequestMappingHandlerMapping : Mapped "{[/error]}" onto public org.springframework.http.ResponseEntity<java.util.Map<java.lang.String, java.lang.Object>> org.springframework.boot.autoconfigure.web.servlet.error.BasicErrorController.error(javax.servlet.http.HttpServletRequest)
2018-07-02 11:35:29.877  INFO 8908 --- [restartedMain] s.w.s.m.m.a.RequestMappingHandlerMapping : Mapped "{[/error],produces=[text/html]}" onto public org.springframework.web.servlet.ModelAndView org.springframework.boot.autoconfigure.web.servlet.error.BasicErrorController.errorHtml(javax.servlet.http.HttpServletRequest,javax.servlet.http.HttpServletResponse)
2018-07-02 11:35:30.049  INFO 8908 --- [restartedMain] o.s.w.s.handler.SimpleUrlHandlerMapping  : Mapped URL path [/webjars/**] onto handler of type [class org.springframework.web.servlet.resource.ResourceHttpRequestHandler]
2018-07-02 11:35:30.049  INFO 8908 --- [restartedMain] o.s.w.s.handler.SimpleUrlHandlerMapping  : Mapped URL path [/**] onto handler of type [class org.springframework.web.servlet.resource.ResourceHttpRequestHandler]
2018-07-02 11:35:33.111  INFO 8908 --- [restartedMain] o.s.w.s.v.f.FreeMarkerConfigurer         : ClassTemplateLoader for Spring macros added to FreeMarker configuration
2018-07-02 11:35:34.049  INFO 8908 --- [restartedMain] o.s.b.d.a.OptionalLiveReloadServer       : LiveReload server is running on port 35729
2018-07-02 11:35:34.143  INFO 8908 --- [restartedMain] o.s.j.e.a.AnnotationMBeanExporter        : Registering beans for JMX exposure on startup
2018-07-02 11:35:34.143  INFO 8908 --- [restartedMain] o.s.j.e.a.AnnotationMBeanExporter        : Bean with name 'dataSource' has been autodetected for JMX exposure
2018-07-02 11:35:34.143  INFO 8908 --- [restartedMain] o.s.j.e.a.AnnotationMBeanExporter        : Located MBean 'dataSource': registering with JMX server as MBean [com.alibaba.druid.pool:name=dataSource,type=DruidDataSource]
2018-07-02 11:35:34.252  INFO 8908 --- [restartedMain] o.a.coyote.http11.Http11NioProtocol      : Starting ProtocolHandler ["http-nio-8080"]
2018-07-02 11:35:34.268  INFO 8908 --- [restartedMain] o.a.tomcat.util.net.NioSelectorPool      : Using a shared selector for servlet write/read
2018-07-02 11:35:34.377  INFO 8908 --- [restartedMain] o.s.b.w.embedded.tomcat.TomcatWebServer  : Tomcat started on port(s): 8080 (http) with context path ''
2018-07-02 11:35:34.392  INFO 8908 --- [restartedMain] com.sdgl.Application                     : Started Application in 20.546 seconds (JVM running for 26.461)
2018-07-02 11:35:55.825  INFO 8908 --- [http-nio-8080-exec-1] o.a.c.c.C.[Tomcat].[localhost].[/]       : Initializing Spring FrameworkServlet 'dispatcherServlet'
2018-07-02 11:35:55.826  INFO 8908 --- [http-nio-8080-exec-1] o.s.web.servlet.DispatcherServlet        : FrameworkServlet 'dispatcherServlet': initialization started
2018-07-02 11:35:56.246  INFO 8908 --- [http-nio-8080-exec-1] o.s.web.servlet.DispatcherServlet        : FrameworkServlet 'dispatcherServlet': initialization completed in 420 ms
2018-07-02 11:35:56.584  INFO 8908 --- [http-nio-8080-exec-1] com.sdgl.log.ControllerLogger            : 调用com.sdgl.controller.UserController@2e6a3c46的show 方法。 方法入参： []
2018-07-02 11:35:56.588  INFO 8908 --- [http-nio-8080-exec-1] com.sdgl.log.ControllerLogger            : 调用com.sdgl.controller.UserController@2e6a3c46 的 show 方法。方法返回值： lay
2018-07-02 11:35:56.588  INFO 8908 --- [http-nio-8080-exec-1] com.sdgl.log.ControllerLogger            : show
2018-07-02 18:04:21.882  INFO 15264 --- [restartedMain] com.sdgl.Application                     : Starting Application on WRD with PID 15264 (D:\Idear\tourism\target\classes started by 东东 in D:\Idear\tourism)
2018-07-02 18:04:21.902  INFO 15264 --- [restartedMain] com.sdgl.Application                     : No active profile set, falling back to default profiles: default
2018-07-02 18:04:22.314  INFO 15264 --- [restartedMain] ConfigServletWebServerApplicationContext : Refreshing org.springframework.boot.web.servlet.context.AnnotationConfigServletWebServerApplicationContext@31521963: startup date [Mon Jul 02 18:04:22 CST 2018]; root of context hierarchy
2018-07-02 18:04:25.516  INFO 15264 --- [restartedMain] .s.d.r.c.RepositoryConfigurationDelegate : Multiple Spring Data modules found, entering strict repository configuration mode!
2018-07-02 18:04:26.644  INFO 15264 --- [restartedMain] trationDelegate$BeanPostProcessorChecker : Bean 'org.springframework.transaction.annotation.ProxyTransactionManagementConfiguration' of type [org.springframework.transaction.annotation.ProxyTransactionManagementConfiguration$$EnhancerBySpringCGLIB$$31b40277] is not eligible for getting processed by all BeanPostProcessors (for example: not eligible for auto-proxying)
2018-07-02 18:04:28.097  INFO 15264 --- [restartedMain] o.s.b.w.embedded.tomcat.TomcatWebServer  : Tomcat initialized with port(s): 8080 (http)
2018-07-02 18:04:28.146  INFO 15264 --- [restartedMain] o.a.coyote.http11.Http11NioProtocol      : Initializing ProtocolHandler ["http-nio-8080"]
2018-07-02 18:04:28.173  INFO 15264 --- [restartedMain] o.apache.catalina.core.StandardService   : Starting service [Tomcat]
2018-07-02 18:04:28.173  INFO 15264 --- [restartedMain] org.apache.catalina.core.StandardEngine  : Starting Servlet Engine: Apache Tomcat/8.5.29
2018-07-02 18:04:28.190  INFO 15264 --- [localhost-startStop-1] o.a.catalina.core.AprLifecycleListener   : The APR based Apache Tomcat Native library which allows optimal performance in production environments was not found on the java.library.path: [C:\Program Files\Java\jdk1.8.0_172\bin;C:\WINDOWS\Sun\Java\bin;C:\WINDOWS\system32;C:\WINDOWS;C:\app\Administrator\product\11.2.0\dbhome_2\bin;C:\app\WRD\product\12.1.0\dbhome_1\bin;C:\Program Files (x86)\Common Files\Oracle\Java\javapath;C:\WINDOWS\system32;C:\WINDOWS;C:\WINDOWS\System32\Wbem;C:\WINDOWS\System32\WindowsPowerShell\v1.0\;C:\Program Files (x86)\ATI Technologies\ATI.ACE\Core-Static;C:\Program Files\Microsoft SQL Server\110\DTS\Binn\;C:\Program Files (x86)\Microsoft SQL Server\110\Tools\Binn\;C:\Program Files\Microsoft SQL Server\110\Tools\Binn\;C:\Program Files (x86)\Microsoft SQL Server\110\Tools\Binn\ManagementStudio\;C:\Program Files (x86)\Microsoft Visual Studio 10.0\Common7\IDE\PrivateAssemblies\;C:\Program Files (x86)\Microsoft SQL Server\110\DTS\Binn\;C:\WINDOWS\system32\config\systemprofile\.dnx\bin;C:\Program Files\Microsoft DNX\Dnvm\;C:\Program Files\Microsoft SQL Server\130\Tools\Binn;C:\Program Files\Java\jdk1.8.0_172\bin\;C:\Program Files\Java\jdk1.8.0_172\jre\bin;G:\MySQL\bin;F:\MongDB\bin;F:\server\bin;D:\apache-maven-3.5.3\bin;G:\Git\cmd;C:\Users\agp13\AppData\Local\Microsoft\WindowsApps;;.]
2018-07-02 18:04:28.525  INFO 15264 --- [localhost-startStop-1] o.a.c.c.C.[Tomcat].[localhost].[/]       : Initializing Spring embedded WebApplicationContext
2018-07-02 18:04:28.525  INFO 15264 --- [localhost-startStop-1] o.s.web.context.ContextLoader            : Root WebApplicationContext: initialization completed in 6211 ms
2018-07-02 18:04:28.951  INFO 15264 --- [localhost-startStop-1] o.s.b.w.servlet.ServletRegistrationBean  : Servlet dispatcherServlet mapped to [/]
2018-07-02 18:04:28.956  INFO 15264 --- [localhost-startStop-1] o.s.b.w.servlet.FilterRegistrationBean   : Mapping filter: 'characterEncodingFilter' to: [/*]
2018-07-02 18:04:28.957  INFO 15264 --- [localhost-startStop-1] o.s.b.w.servlet.FilterRegistrationBean   : Mapping filter: 'hiddenHttpMethodFilter' to: [/*]
2018-07-02 18:04:28.957  INFO 15264 --- [localhost-startStop-1] o.s.b.w.servlet.FilterRegistrationBean   : Mapping filter: 'httpPutFormContentFilter' to: [/*]
2018-07-02 18:04:28.957  INFO 15264 --- [localhost-startStop-1] o.s.b.w.servlet.FilterRegistrationBean   : Mapping filter: 'requestContextFilter' to: [/*]
2018-07-02 18:04:29.712  INFO 15264 --- [restartedMain] o.s.aop.framework.CglibAopProxy          : Method [void com.alibaba.druid.pool.DruidDataSource.putLast(com.alibaba.druid.pool.DruidConnectionHolder,long)] is package-visible across different ClassLoaders and cannot get proxied via CGLIB: Declare this method as public or protected if you need to support invocations through the proxy.
2018-07-02 18:04:29.713  INFO 15264 --- [restartedMain] o.s.aop.framework.CglibAopProxy          : Method [com.alibaba.druid.pool.DruidConnectionHolder com.alibaba.druid.pool.DruidDataSource.takeLast() throws java.lang.InterruptedException,java.sql.SQLException] is package-visible across different ClassLoaders and cannot get proxied via CGLIB: Declare this method as public or protected if you need to support invocations through the proxy.
2018-07-02 18:04:29.713  INFO 15264 --- [restartedMain] o.s.aop.framework.CglibAopProxy          : Method [void com.alibaba.druid.pool.DruidAbstractDataSource.initStatement(com.alibaba.druid.pool.DruidPooledConnection,java.sql.Statement) throws java.sql.SQLException] is package-visible across different ClassLoaders and cannot get proxied via CGLIB: Declare this method as public or protected if you need to support invocations through the proxy.
2018-07-02 18:04:30.637  INFO 15264 --- [restartedMain] o.s.w.s.handler.SimpleUrlHandlerMapping  : Mapped URL path [/**/favicon.ico] onto handler of type [class org.springframework.web.servlet.resource.ResourceHttpRequestHandler]
2018-07-02 18:04:31.197  INFO 15264 --- [restartedMain] com.sdgl.log.ControllerLogger            : 调用com.fasterxml.jackson.module.paramnames.ParameterNamesModule@553917f7的getTypeId 方法。 方法入参： []
2018-07-02 18:04:31.204  INFO 15264 --- [restartedMain] com.sdgl.log.ControllerLogger            : 调用com.fasterxml.jackson.module.paramnames.ParameterNamesModule@553917f7 的 getTypeId 方法。方法返回值： com.fasterxml.jackson.module.paramnames.ParameterNamesModule
2018-07-02 18:04:31.204  INFO 15264 --- [restartedMain] com.sdgl.log.ControllerLogger            : getTypeId
2018-07-02 18:04:31.204  INFO 15264 --- [restartedMain] com.sdgl.log.ControllerLogger            : 调用com.fasterxml.jackson.module.paramnames.ParameterNamesModule@553917f7的getModuleName 方法。 方法入参： []
2018-07-02 18:04:31.204  INFO 15264 --- [restartedMain] com.sdgl.log.ControllerLogger            : 调用com.fasterxml.jackson.module.paramnames.ParameterNamesModule@553917f7 的 getModuleName 方法。方法返回值： jackson-module-parameter-names
2018-07-02 18:04:31.204  INFO 15264 --- [restartedMain] com.sdgl.log.ControllerLogger            : getModuleName
2018-07-02 18:04:31.205  INFO 15264 --- [restartedMain] com.sdgl.log.ControllerLogger            : 调用com.fasterxml.jackson.module.paramnames.ParameterNamesModule@553917f7的version 方法。 方法入参： []
2018-07-02 18:04:31.205  INFO 15264 --- [restartedMain] com.sdgl.log.ControllerLogger            : 调用com.fasterxml.jackson.module.paramnames.ParameterNamesModule@553917f7 的 version 方法。方法返回值： 2.9.5
2018-07-02 18:04:31.205  INFO 15264 --- [restartedMain] com.sdgl.log.ControllerLogger            : version
2018-07-02 18:04:31.205  INFO 15264 --- [restartedMain] com.sdgl.log.ControllerLogger            : 调用com.fasterxml.jackson.module.paramnames.ParameterNamesModule@553917f7的setupModule 方法。 方法入参： [com.fasterxml.jackson.databind.ObjectMapper$1@8a22ee2]
2018-07-02 18:04:31.211  INFO 15264 --- [restartedMain] com.sdgl.log.ControllerLogger            : 调用com.fasterxml.jackson.module.paramnames.ParameterNamesModule@553917f7 的 setupModule 方法。方法返回值： null
2018-07-02 18:04:31.211  INFO 15264 --- [restartedMain] com.sdgl.log.ControllerLogger            : setupModule
2018-07-02 18:04:31.211  INFO 15264 --- [restartedMain] com.sdgl.log.ControllerLogger            : 调用org.springframework.boot.jackson.JsonComponentModule@309331a8的getTypeId 方法。 方法入参： []
2018-07-02 18:04:31.216  INFO 15264 --- [restartedMain] com.sdgl.log.ControllerLogger            : 调用org.springframework.boot.jackson.JsonComponentModule@309331a8 的 getTypeId 方法。方法返回值： org.springframework.boot.jackson.JsonComponentModule
2018-07-02 18:04:31.217  INFO 15264 --- [restartedMain] com.sdgl.log.ControllerLogger            : getTypeId
2018-07-02 18:04:31.217  INFO 15264 --- [restartedMain] com.sdgl.log.ControllerLogger            : 调用org.springframework.boot.jackson.JsonComponentModule@309331a8的getModuleName 方法。 方法入参： []
2018-07-02 18:04:31.217  INFO 15264 --- [restartedMain] com.sdgl.log.ControllerLogger            : 调用org.springframework.boot.jackson.JsonComponentModule@309331a8 的 getModuleName 方法。方法返回值： org.springframework.boot.jackson.JsonComponentModule
2018-07-02 18:04:31.217  INFO 15264 --- [restartedMain] com.sdgl.log.ControllerLogger            : getModuleName
2018-07-02 18:04:31.217  INFO 15264 --- [restartedMain] com.sdgl.log.ControllerLogger            : 调用org.springframework.boot.jackson.JsonComponentModule@309331a8的version 方法。 方法入参： []
2018-07-02 18:04:31.218  INFO 15264 --- [restartedMain] com.sdgl.log.ControllerLogger            : 调用org.springframework.boot.jackson.JsonComponentModule@309331a8 的 version 方法。方法返回值： 0.0.0
2018-07-02 18:04:31.218  INFO 15264 --- [restartedMain] com.sdgl.log.ControllerLogger            : version
2018-07-02 18:04:31.218  INFO 15264 --- [restartedMain] com.sdgl.log.ControllerLogger            : 调用org.springframework.boot.jackson.JsonComponentModule@309331a8的setupModule 方法。 方法入参： [com.fasterxml.jackson.databind.ObjectMapper$1@ee429fa]
2018-07-02 18:04:31.218  INFO 15264 --- [restartedMain] com.sdgl.log.ControllerLogger            : 调用org.springframework.boot.jackson.JsonComponentModule@309331a8 的 setupModule 方法。方法返回值： null
2018-07-02 18:04:31.218  INFO 15264 --- [restartedMain] com.sdgl.log.ControllerLogger            : setupModule
2018-07-02 18:04:31.218  INFO 15264 --- [restartedMain] com.sdgl.log.ControllerLogger            : 调用org.springframework.data.geo.GeoModule@189e446f的getTypeId 方法。 方法入参： []
2018-07-02 18:04:31.223  INFO 15264 --- [restartedMain] com.sdgl.log.ControllerLogger            : 调用org.springframework.data.geo.GeoModule@189e446f 的 getTypeId 方法。方法返回值： org.springframework.data.geo.GeoModule
2018-07-02 18:04:31.223  INFO 15264 --- [restartedMain] com.sdgl.log.ControllerLogger            : getTypeId
2018-07-02 18:04:31.224  INFO 15264 --- [restartedMain] com.sdgl.log.ControllerLogger            : 调用org.springframework.data.geo.GeoModule@189e446f的getModuleName 方法。 方法入参： []
2018-07-02 18:04:31.224  INFO 15264 --- [restartedMain] com.sdgl.log.ControllerLogger            : 调用org.springframework.data.geo.GeoModule@189e446f 的 getModuleName 方法。方法返回值： Spring Data Geo Mixins
2018-07-02 18:04:31.224  INFO 15264 --- [restartedMain] com.sdgl.log.ControllerLogger            : getModuleName
2018-07-02 18:04:31.224  INFO 15264 --- [restartedMain] com.sdgl.log.ControllerLogger            : 调用org.springframework.data.geo.GeoModule@189e446f的version 方法。 方法入参： []
2018-07-02 18:04:31.224  INFO 15264 --- [restartedMain] com.sdgl.log.ControllerLogger            : 调用org.springframework.data.geo.GeoModule@189e446f 的 version 方法。方法返回值： 1.0.0
2018-07-02 18:04:31.224  INFO 15264 --- [restartedMain] com.sdgl.log.ControllerLogger            : version
2018-07-02 18:04:31.224  INFO 15264 --- [restartedMain] com.sdgl.log.ControllerLogger            : 调用org.springframework.data.geo.GeoModule@189e446f的setupModule 方法。 方法入参： [com.fasterxml.jackson.databind.ObjectMapper$1@281eb36]
2018-07-02 18:04:31.225  INFO 15264 --- [restartedMain] com.sdgl.log.ControllerLogger            : 调用org.springframework.data.geo.GeoModule@189e446f 的 setupModule 方法。方法返回值： null
2018-07-02 18:04:31.225  INFO 15264 --- [restartedMain] com.sdgl.log.ControllerLogger            : setupModule
2018-07-02 18:04:31.276  INFO 15264 --- [restartedMain] o.s.aop.framework.CglibAopProxy          : Final method [protected final void com.fasterxml.jackson.databind.ObjectMapper._verifyNoTrailingTokens(com.fasterxml.jackson.core.JsonParser,com.fasterxml.jackson.databind.DeserializationContext,com.fasterxml.jackson.databind.JavaType) throws java.io.IOException] cannot get proxied via CGLIB: Calls to this method will NOT be routed to the target instance and might lead to NPEs against uninitialized fields in the proxy instance.
2018-07-02 18:04:31.276  INFO 15264 --- [restartedMain] o.s.aop.framework.CglibAopProxy          : Final method [protected final void com.fasterxml.jackson.databind.ObjectMapper._configAndWriteValue(com.fasterxml.jackson.core.JsonGenerator,java.lang.Object) throws java.io.IOException] cannot get proxied via CGLIB: Calls to this method will NOT be routed to the target instance and might lead to NPEs against uninitialized fields in the proxy instance.
2018-07-02 18:04:31.276  INFO 15264 --- [restartedMain] o.s.aop.framework.CglibAopProxy          : Final method [public final void com.fasterxml.jackson.databind.ObjectMapper.addMixInAnnotations(java.lang.Class,java.lang.Class)] cannot get proxied via CGLIB: Calls to this method will NOT be routed to the target instance and might lead to NPEs against uninitialized fields in the proxy instance.
2018-07-02 18:04:31.276  INFO 15264 --- [restartedMain] o.s.aop.framework.CglibAopProxy          : Final method [public final java.lang.Object com.fasterxml.jackson.databind.ObjectMapper.readValue(com.fasterxml.jackson.core.JsonParser,com.fasterxml.jackson.core.type.ResolvedType) throws java.io.IOException,com.fasterxml.jackson.core.JsonParseException,com.fasterxml.jackson.databind.JsonMappingException] cannot get proxied via CGLIB: Calls to this method will NOT be routed to the target instance and might lead to NPEs against uninitialized fields in the proxy instance.
2018-07-02 18:04:31.652  INFO 15264 --- [restartedMain] s.w.s.m.m.a.RequestMappingHandlerAdapter : Looking for @ControllerAdvice: org.springframework.boot.web.servlet.context.AnnotationConfigServletWebServerApplicationContext@31521963: startup date [Mon Jul 02 18:04:22 CST 2018]; root of context hierarchy
2018-07-02 18:04:31.855  INFO 15264 --- [restartedMain] s.w.s.m.m.a.RequestMappingHandlerMapping : Mapped "{[/]}" onto public java.lang.String com.sdgl.controller.UserController.show()
2018-07-02 18:04:31.874  INFO 15264 --- [restartedMain] s.w.s.m.m.a.RequestMappingHandlerMapping : Mapped "{[/error]}" onto public org.springframework.http.ResponseEntity<java.util.Map<java.lang.String, java.lang.Object>> org.springframework.boot.autoconfigure.web.servlet.error.BasicErrorController.error(javax.servlet.http.HttpServletRequest)
2018-07-02 18:04:31.874  INFO 15264 --- [restartedMain] s.w.s.m.m.a.RequestMappingHandlerMapping : Mapped "{[/error],produces=[text/html]}" onto public org.springframework.web.servlet.ModelAndView org.springframework.boot.autoconfigure.web.servlet.error.BasicErrorController.errorHtml(javax.servlet.http.HttpServletRequest,javax.servlet.http.HttpServletResponse)
2018-07-02 18:04:32.038  INFO 15264 --- [restartedMain] o.s.w.s.handler.SimpleUrlHandlerMapping  : Mapped URL path [/webjars/**] onto handler of type [class org.springframework.web.servlet.resource.ResourceHttpRequestHandler]
2018-07-02 18:04:32.038  INFO 15264 --- [restartedMain] o.s.w.s.handler.SimpleUrlHandlerMapping  : Mapped URL path [/**] onto handler of type [class org.springframework.web.servlet.resource.ResourceHttpRequestHandler]
2018-07-02 18:04:32.341  INFO 15264 --- [restartedMain] com.sdgl.log.ControllerLogger            : 调用{
	CreateTime:"2018-07-02 18:04:29",
	ActiveCount:0,
	PoolingCount:0,
	CreateCount:0,
	DestroyCount:0,
	CloseCount:0,
	ConnectCount:0,
	Connections:[
	]
}的unwrap 方法。 方法入参： [class com.zaxxer.hikari.HikariDataSource]
2018-07-02 18:04:32.409  INFO 15264 --- [restartedMain] com.sdgl.log.ControllerLogger            : 调用{
	CreateTime:"2018-07-02 18:04:29",
	ActiveCount:0,
	PoolingCount:0,
	CreateCount:0,
	DestroyCount:0,
	CloseCount:0,
	ConnectCount:0,
	Connections:[
	]
} 的 unwrap 方法。方法返回值： null
2018-07-02 18:04:32.409  INFO 15264 --- [restartedMain] com.sdgl.log.ControllerLogger            : unwrap
2018-07-02 18:04:32.495  INFO 15264 --- [restartedMain] com.sdgl.log.ControllerLogger            : 调用com.github.pagehelper.autoconfigure.PageHelperAutoConfiguration$$EnhancerBySpringCGLIB$$446e98dc@406b896b的pageHelperProperties 方法。 方法入参： []
2018-07-02 18:04:32.502  INFO 15264 --- [restartedMain] com.sdgl.log.ControllerLogger            : 调用com.github.pagehelper.autoconfigure.PageHelperAutoConfiguration$$EnhancerBySpringCGLIB$$446e98dc@406b896b 的 pageHelperProperties 方法。方法返回值： {}
2018-07-02 18:04:32.502  INFO 15264 --- [restartedMain] com.sdgl.log.ControllerLogger            : pageHelperProperties
2018-07-02 18:04:32.533  INFO 15264 --- [restartedMain] com.sdgl.log.ControllerLogger            : 调用com.github.pagehelper.autoconfigure.PageHelperProperties@2aaf6fe4的getProperties 方法。 方法入参： []
2018-07-02 18:04:32.538  INFO 15264 --- [restartedMain] com.sdgl.log.ControllerLogger            : 调用com.github.pagehelper.autoconfigure.PageHelperProperties@2aaf6fe4 的 getProperties 方法。方法返回值： {supportMethodsArguments=true, helperDialect=mysql, reasonable=true, params=count=countSql}
2018-07-02 18:04:32.538  INFO 15264 --- [restartedMain] com.sdgl.log.ControllerLogger            : getProperties
2018-07-02 18:04:32.613  WARN 15264 --- [restartedMain] ConfigServletWebServerApplicationContext : Exception encountered during context initialization - cancelling refresh attempt: org.springframework.beans.factory.BeanCreationException: Error creating bean with name 'mbeanExporter' defined in class path resource [org/springframework/boot/autoconfigure/jmx/JmxAutoConfiguration.class]: Bean instantiation via factory method failed; nested exception is org.springframework.beans.BeanInstantiationException: Failed to instantiate [org.springframework.jmx.export.annotation.AnnotationMBeanExporter]: Factory method 'mbeanExporter' threw exception; nested exception is org.springframework.beans.factory.BeanCreationException: Error creating bean with name 'mbeanServer' defined in class path resource [org/springframework/boot/autoconfigure/jmx/JmxAutoConfiguration.class]: Initialization of bean failed; nested exception is org.springframework.aop.framework.AopConfigException: Could not generate CGLIB subclass of class [class com.sun.jmx.mbeanserver.JmxMBeanServer]: Common causes of this problem include using a final class or a non-visible class; nested exception is java.lang.IllegalArgumentException: Cannot subclass final class com.sun.jmx.mbeanserver.JmxMBeanServer
2018-07-02 18:04:32.622  INFO 15264 --- [restartedMain] o.apache.catalina.core.StandardService   : Stopping service [Tomcat]
2018-07-02 18:04:32.796 ERROR 15264 --- [restartedMain] o.s.boot.SpringApplication               : Application run failed

org.springframework.beans.factory.BeanCreationException: Error creating bean with name 'mbeanExporter' defined in class path resource [org/springframework/boot/autoconfigure/jmx/JmxAutoConfiguration.class]: Bean instantiation via factory method failed; nested exception is org.springframework.beans.BeanInstantiationException: Failed to instantiate [org.springframework.jmx.export.annotation.AnnotationMBeanExporter]: Factory method 'mbeanExporter' threw exception; nested exception is org.springframework.beans.factory.BeanCreationException: Error creating bean with name 'mbeanServer' defined in class path resource [org/springframework/boot/autoconfigure/jmx/JmxAutoConfiguration.class]: Initialization of bean failed; nested exception is org.springframework.aop.framework.AopConfigException: Could not generate CGLIB subclass of class [class com.sun.jmx.mbeanserver.JmxMBeanServer]: Common causes of this problem include using a final class or a non-visible class; nested exception is java.lang.IllegalArgumentException: Cannot subclass final class com.sun.jmx.mbeanserver.JmxMBeanServer
	at org.springframework.beans.factory.support.ConstructorResolver.instantiateUsingFactoryMethod(ConstructorResolver.java:587)
	at org.springframework.beans.factory.support.AbstractAutowireCapableBeanFactory.instantiateUsingFactoryMethod(AbstractAutowireCapableBeanFactory.java:1250)
	at org.springframework.beans.factory.support.AbstractAutowireCapableBeanFactory.createBeanInstance(AbstractAutowireCapableBeanFactory.java:1099)
	at org.springframework.beans.factory.support.AbstractAutowireCapableBeanFactory.doCreateBean(AbstractAutowireCapableBeanFactory.java:541)
	at org.springframework.beans.factory.support.AbstractAutowireCapableBeanFactory.createBean(AbstractAutowireCapableBeanFactory.java:501)
	at org.springframework.beans.factory.support.AbstractBeanFactory.lambda$doGetBean$0(AbstractBeanFactory.java:317)
	at org.springframework.beans.factory.support.DefaultSingletonBeanRegistry.getSingleton(DefaultSingletonBeanRegistry.java:228)
	at org.springframework.beans.factory.support.AbstractBeanFactory.doGetBean(AbstractBeanFactory.java:315)
	at org.springframework.beans.factory.support.AbstractBeanFactory.getBean(AbstractBeanFactory.java:199)
	at org.springframework.beans.factory.support.DefaultListableBeanFactory.preInstantiateSingletons(DefaultListableBeanFactory.java:760)
	at org.springframework.context.support.AbstractApplicationContext.finishBeanFactoryInitialization(AbstractApplicationContext.java:869)
	at org.springframework.context.support.AbstractApplicationContext.refresh(AbstractApplicationContext.java:550)
	at org.springframework.boot.web.servlet.context.ServletWebServerApplicationContext.refresh(ServletWebServerApplicationContext.java:140)
	at org.springframework.boot.SpringApplication.refresh(SpringApplication.java:759)
	at org.springframework.boot.SpringApplication.refreshContext(SpringApplication.java:395)
	at org.springframework.boot.SpringApplication.run(SpringApplication.java:327)
	at org.springframework.boot.SpringApplication.run(SpringApplication.java:1255)
	at org.springframework.boot.SpringApplication.run(SpringApplication.java:1243)
	at com.sdgl.Application.main(Application.java:15)
	at sun.reflect.NativeMethodAccessorImpl.invoke0(Native Method)
	at sun.reflect.NativeMethodAccessorImpl.invoke(NativeMethodAccessorImpl.java:62)
	at sun.reflect.DelegatingMethodAccessorImpl.invoke(DelegatingMethodAccessorImpl.java:43)
	at java.lang.reflect.Method.invoke(Method.java:498)
	at org.springframework.boot.devtools.restart.RestartLauncher.run(RestartLauncher.java:49)
Caused by: org.springframework.beans.BeanInstantiationException: Failed to instantiate [org.springframework.jmx.export.annotation.AnnotationMBeanExporter]: Factory method 'mbeanExporter' threw exception; nested exception is org.springframework.beans.factory.BeanCreationException: Error creating bean with name 'mbeanServer' defined in class path resource [org/springframework/boot/autoconfigure/jmx/JmxAutoConfiguration.class]: Initialization of bean failed; nested exception is org.springframework.aop.framework.AopConfigException: Could not generate CGLIB subclass of class [class com.sun.jmx.mbeanserver.JmxMBeanServer]: Common causes of this problem include using a final class or a non-visible class; nested exception is java.lang.IllegalArgumentException: Cannot subclass final class com.sun.jmx.mbeanserver.JmxMBeanServer
	at org.springframework.beans.factory.support.SimpleInstantiationStrategy.instantiate(SimpleInstantiationStrategy.java:185)
	at org.springframework.beans.factory.support.ConstructorResolver.instantiateUsingFactoryMethod(ConstructorResolver.java:579)
	... 23 common frames omitted
Caused by: org.springframework.beans.factory.BeanCreationException: Error creating bean with name 'mbeanServer' defined in class path resource [org/springframework/boot/autoconfigure/jmx/JmxAutoConfiguration.class]: Initialization of bean failed; nested exception is org.springframework.aop.framework.AopConfigException: Could not generate CGLIB subclass of class [class com.sun.jmx.mbeanserver.JmxMBeanServer]: Common causes of this problem include using a final class or a non-visible class; nested exception is java.lang.IllegalArgumentException: Cannot subclass final class com.sun.jmx.mbeanserver.JmxMBeanServer
	at org.springframework.beans.factory.support.AbstractAutowireCapableBeanFactory.doCreateBean(AbstractAutowireCapableBeanFactory.java:587)
	at org.springframework.beans.factory.support.AbstractAutowireCapableBeanFactory.createBean(AbstractAutowireCapableBeanFactory.java:501)
	at org.springframework.beans.factory.support.AbstractBeanFactory.lambda$doGetBean$0(AbstractBeanFactory.java:317)
	at org.springframework.beans.factory.support.DefaultSingletonBeanRegistry.getSingleton(DefaultSingletonBeanRegistry.java:228)
	at org.springframework.beans.factory.support.AbstractBeanFactory.doGetBean(AbstractBeanFactory.java:315)
	at org.springframework.beans.factory.support.AbstractBeanFactory.getBean(AbstractBeanFactory.java:204)
	at org.springframework.boot.autoconfigure.jmx.JmxAutoConfiguration.mbeanExporter(JmxAutoConfiguration.java:82)
	at org.springframework.boot.autoconfigure.jmx.JmxAutoConfiguration$$EnhancerBySpringCGLIB$$b11f7193.CGLIB$mbeanExporter$3(<generated>)
	at org.springframework.boot.autoconfigure.jmx.JmxAutoConfiguration$$EnhancerBySpringCGLIB$$b11f7193$$FastClassBySpringCGLIB$$8037bf5a.invoke(<generated>)
	at org.springframework.cglib.proxy.MethodProxy.invokeSuper(MethodProxy.java:228)
	at org.springframework.context.annotation.ConfigurationClassEnhancer$BeanMethodInterceptor.intercept(ConfigurationClassEnhancer.java:361)
	at org.springframework.boot.autoconfigure.jmx.JmxAutoConfiguration$$EnhancerBySpringCGLIB$$b11f7193.mbeanExporter(<generated>)
	at sun.reflect.NativeMethodAccessorImpl.invoke0(Native Method)
	at sun.reflect.NativeMethodAccessorImpl.invoke(NativeMethodAccessorImpl.java:62)
	at sun.reflect.DelegatingMethodAccessorImpl.invoke(DelegatingMethodAccessorImpl.java:43)
	at java.lang.reflect.Method.invoke(Method.java:498)
	at org.springframework.beans.factory.support.SimpleInstantiationStrategy.instantiate(SimpleInstantiationStrategy.java:154)
	... 24 common frames omitted
Caused by: org.springframework.aop.framework.AopConfigException: Could not generate CGLIB subclass of class [class com.sun.jmx.mbeanserver.JmxMBeanServer]: Common causes of this problem include using a final class or a non-visible class; nested exception is java.lang.IllegalArgumentException: Cannot subclass final class com.sun.jmx.mbeanserver.JmxMBeanServer
	at org.springframework.aop.framework.CglibAopProxy.getProxy(CglibAopProxy.java:209)
	at org.springframework.aop.framework.ProxyFactory.getProxy(ProxyFactory.java:110)
	at org.springframework.aop.framework.autoproxy.AbstractAutoProxyCreator.createProxy(AbstractAutoProxyCreator.java:473)
	at org.springframework.aop.framework.autoproxy.AbstractAutoProxyCreator.wrapIfNecessary(AbstractAutoProxyCreator.java:355)
	at org.springframework.aop.framework.autoproxy.AbstractAutoProxyCreator.postProcessAfterInitialization(AbstractAutoProxyCreator.java:304)
	at org.springframework.beans.factory.support.AbstractAutowireCapableBeanFactory.applyBeanPostProcessorsAfterInitialization(AbstractAutowireCapableBeanFactory.java:437)
	at org.springframework.beans.factory.support.AbstractAutowireCapableBeanFactory.initializeBean(AbstractAutowireCapableBeanFactory.java:1706)
	at org.springframework.beans.factory.support.AbstractAutowireCapableBeanFactory.doCreateBean(AbstractAutowireCapableBeanFactory.java:579)
	... 40 common frames omitted
Caused by: java.lang.IllegalArgumentException: Cannot subclass final class com.sun.jmx.mbeanserver.JmxMBeanServer
	at org.springframework.cglib.proxy.Enhancer.generateClass(Enhancer.java:565)
	at org.springframework.cglib.transform.TransformingClassGenerator.generateClass(TransformingClassGenerator.java:33)
	at org.springframework.cglib.core.DefaultGeneratorStrategy.generate(DefaultGeneratorStrategy.java:25)
	at org.springframework.aop.framework.CglibAopProxy$ClassLoaderAwareUndeclaredThrowableStrategy.generate(CglibAopProxy.java:1001)
	at org.springframework.cglib.core.AbstractClassGenerator.generate(AbstractClassGenerator.java:329)
	at org.springframework.cglib.proxy.Enhancer.generate(Enhancer.java:492)
	at org.springframework.cglib.core.AbstractClassGenerator$ClassLoaderData$3.apply(AbstractClassGenerator.java:93)
	at org.springframework.cglib.core.AbstractClassGenerator$ClassLoaderData$3.apply(AbstractClassGenerator.java:91)
	at org.springframework.cglib.core.internal.LoadingCache$2.call(LoadingCache.java:54)
	at java.util.concurrent.FutureTask.run(FutureTask.java:266)
	at org.springframework.cglib.core.internal.LoadingCache.createEntry(LoadingCache.java:61)
	at org.springframework.cglib.core.internal.LoadingCache.get(LoadingCache.java:34)
	at org.springframework.cglib.core.AbstractClassGenerator$ClassLoaderData.get(AbstractClassGenerator.java:116)
	at org.springframework.cglib.core.AbstractClassGenerator.create(AbstractClassGenerator.java:291)
	at org.springframework.cglib.proxy.Enhancer.createHelper(Enhancer.java:480)
	at org.springframework.cglib.proxy.Enhancer.createClass(Enhancer.java:337)
	at org.springframework.aop.framework.ObjenesisCglibAopProxy.createProxyClassAndInstance(ObjenesisCglibAopProxy.java:58)
	at org.springframework.aop.framework.CglibAopProxy.getProxy(CglibAopProxy.java:205)
	... 47 common frames omitted

2018-07-02 18:06:24.194  INFO 2464 --- [restartedMain] com.sdgl.Application                     : Starting Application on WRD with PID 2464 (D:\Idear\tourism\target\classes started by 东东 in D:\Idear\tourism)
2018-07-02 18:06:24.199  INFO 2464 --- [restartedMain] com.sdgl.Application                     : No active profile set, falling back to default profiles: default
2018-07-02 18:06:24.490  INFO 2464 --- [restartedMain] ConfigServletWebServerApplicationContext : Refreshing org.springframework.boot.web.servlet.context.AnnotationConfigServletWebServerApplicationContext@5127eabd: startup date [Mon Jul 02 18:06:24 CST 2018]; root of context hierarchy
2018-07-02 18:06:25.905  INFO 2464 --- [restartedMain] .s.d.r.c.RepositoryConfigurationDelegate : Multiple Spring Data modules found, entering strict repository configuration mode!
2018-07-02 18:06:26.835  INFO 2464 --- [restartedMain] trationDelegate$BeanPostProcessorChecker : Bean 'org.springframework.transaction.annotation.ProxyTransactionManagementConfiguration' of type [org.springframework.transaction.annotation.ProxyTransactionManagementConfiguration$$EnhancerBySpringCGLIB$$933b8ff4] is not eligible for getting processed by all BeanPostProcessors (for example: not eligible for auto-proxying)
2018-07-02 18:06:27.764  INFO 2464 --- [restartedMain] o.s.b.w.embedded.tomcat.TomcatWebServer  : Tomcat initialized with port(s): 8080 (http)
2018-07-02 18:06:27.779  INFO 2464 --- [restartedMain] o.a.coyote.http11.Http11NioProtocol      : Initializing ProtocolHandler ["http-nio-8080"]
2018-07-02 18:06:27.791  INFO 2464 --- [restartedMain] o.apache.catalina.core.StandardService   : Starting service [Tomcat]
2018-07-02 18:06:27.791  INFO 2464 --- [restartedMain] org.apache.catalina.core.StandardEngine  : Starting Servlet Engine: Apache Tomcat/8.5.29
2018-07-02 18:06:27.796  INFO 2464 --- [localhost-startStop-1] o.a.catalina.core.AprLifecycleListener   : The APR based Apache Tomcat Native library which allows optimal performance in production environments was not found on the java.library.path: [C:\Program Files\Java\jdk1.8.0_172\bin;C:\WINDOWS\Sun\Java\bin;C:\WINDOWS\system32;C:\WINDOWS;C:\app\Administrator\product\11.2.0\dbhome_2\bin;C:\app\WRD\product\12.1.0\dbhome_1\bin;C:\Program Files (x86)\Common Files\Oracle\Java\javapath;C:\WINDOWS\system32;C:\WINDOWS;C:\WINDOWS\System32\Wbem;C:\WINDOWS\System32\WindowsPowerShell\v1.0\;C:\Program Files (x86)\ATI Technologies\ATI.ACE\Core-Static;C:\Program Files\Microsoft SQL Server\110\DTS\Binn\;C:\Program Files (x86)\Microsoft SQL Server\110\Tools\Binn\;C:\Program Files\Microsoft SQL Server\110\Tools\Binn\;C:\Program Files (x86)\Microsoft SQL Server\110\Tools\Binn\ManagementStudio\;C:\Program Files (x86)\Microsoft Visual Studio 10.0\Common7\IDE\PrivateAssemblies\;C:\Program Files (x86)\Microsoft SQL Server\110\DTS\Binn\;C:\WINDOWS\system32\config\systemprofile\.dnx\bin;C:\Program Files\Microsoft DNX\Dnvm\;C:\Program Files\Microsoft SQL Server\130\Tools\Binn;C:\Program Files\Java\jdk1.8.0_172\bin\;C:\Program Files\Java\jdk1.8.0_172\jre\bin;G:\MySQL\bin;F:\MongDB\bin;F:\server\bin;D:\apache-maven-3.5.3\bin;G:\Git\cmd;C:\Users\agp13\AppData\Local\Microsoft\WindowsApps;;.]
2018-07-02 18:06:27.970  INFO 2464 --- [localhost-startStop-1] o.a.c.c.C.[Tomcat].[localhost].[/]       : Initializing Spring embedded WebApplicationContext
2018-07-02 18:06:27.970  INFO 2464 --- [localhost-startStop-1] o.s.web.context.ContextLoader            : Root WebApplicationContext: initialization completed in 3481 ms
2018-07-02 18:06:28.233  INFO 2464 --- [localhost-startStop-1] o.s.b.w.servlet.ServletRegistrationBean  : Servlet dispatcherServlet mapped to [/]
2018-07-02 18:06:28.239  INFO 2464 --- [localhost-startStop-1] o.s.b.w.servlet.FilterRegistrationBean   : Mapping filter: 'characterEncodingFilter' to: [/*]
2018-07-02 18:06:28.239  INFO 2464 --- [localhost-startStop-1] o.s.b.w.servlet.FilterRegistrationBean   : Mapping filter: 'hiddenHttpMethodFilter' to: [/*]
2018-07-02 18:06:28.239  INFO 2464 --- [localhost-startStop-1] o.s.b.w.servlet.FilterRegistrationBean   : Mapping filter: 'httpPutFormContentFilter' to: [/*]
2018-07-02 18:06:28.240  INFO 2464 --- [localhost-startStop-1] o.s.b.w.servlet.FilterRegistrationBean   : Mapping filter: 'requestContextFilter' to: [/*]
2018-07-02 18:06:28.642  INFO 2464 --- [restartedMain] o.s.aop.framework.CglibAopProxy          : Method [void com.alibaba.druid.pool.DruidDataSource.putLast(com.alibaba.druid.pool.DruidConnectionHolder,long)] is package-visible across different ClassLoaders and cannot get proxied via CGLIB: Declare this method as public or protected if you need to support invocations through the proxy.
2018-07-02 18:06:28.643  INFO 2464 --- [restartedMain] o.s.aop.framework.CglibAopProxy          : Method [com.alibaba.druid.pool.DruidConnectionHolder com.alibaba.druid.pool.DruidDataSource.takeLast() throws java.lang.InterruptedException,java.sql.SQLException] is package-visible across different ClassLoaders and cannot get proxied via CGLIB: Declare this method as public or protected if you need to support invocations through the proxy.
2018-07-02 18:06:28.643  INFO 2464 --- [restartedMain] o.s.aop.framework.CglibAopProxy          : Method [void com.alibaba.druid.pool.DruidAbstractDataSource.initStatement(com.alibaba.druid.pool.DruidPooledConnection,java.sql.Statement) throws java.sql.SQLException] is package-visible across different ClassLoaders and cannot get proxied via CGLIB: Declare this method as public or protected if you need to support invocations through the proxy.
2018-07-02 18:06:29.344  INFO 2464 --- [restartedMain] o.s.w.s.handler.SimpleUrlHandlerMapping  : Mapped URL path [/**/favicon.ico] onto handler of type [class org.springframework.web.servlet.resource.ResourceHttpRequestHandler]
2018-07-02 18:06:29.795  INFO 2464 --- [restartedMain] com.sdgl.log.ControllerLogger            : 调用com.fasterxml.jackson.module.paramnames.ParameterNamesModule@308ff7db的getTypeId 方法。 方法入参： []
2018-07-02 18:06:29.803  INFO 2464 --- [restartedMain] com.sdgl.log.ControllerLogger            : 调用com.fasterxml.jackson.module.paramnames.ParameterNamesModule@308ff7db 的 getTypeId 方法。方法返回值： com.fasterxml.jackson.module.paramnames.ParameterNamesModule
2018-07-02 18:06:29.803  INFO 2464 --- [restartedMain] com.sdgl.log.ControllerLogger            : getTypeId
2018-07-02 18:06:29.803  INFO 2464 --- [restartedMain] com.sdgl.log.ControllerLogger            : 调用com.fasterxml.jackson.module.paramnames.ParameterNamesModule@308ff7db的getModuleName 方法。 方法入参： []
2018-07-02 18:06:29.804  INFO 2464 --- [restartedMain] com.sdgl.log.ControllerLogger            : 调用com.fasterxml.jackson.module.paramnames.ParameterNamesModule@308ff7db 的 getModuleName 方法。方法返回值： jackson-module-parameter-names
2018-07-02 18:06:29.804  INFO 2464 --- [restartedMain] com.sdgl.log.ControllerLogger            : getModuleName
2018-07-02 18:06:29.804  INFO 2464 --- [restartedMain] com.sdgl.log.ControllerLogger            : 调用com.fasterxml.jackson.module.paramnames.ParameterNamesModule@308ff7db的version 方法。 方法入参： []
2018-07-02 18:06:29.805  INFO 2464 --- [restartedMain] com.sdgl.log.ControllerLogger            : 调用com.fasterxml.jackson.module.paramnames.ParameterNamesModule@308ff7db 的 version 方法。方法返回值： 2.9.5
2018-07-02 18:06:29.805  INFO 2464 --- [restartedMain] com.sdgl.log.ControllerLogger            : version
2018-07-02 18:06:29.805  INFO 2464 --- [restartedMain] com.sdgl.log.ControllerLogger            : 调用com.fasterxml.jackson.module.paramnames.ParameterNamesModule@308ff7db的setupModule 方法。 方法入参： [com.fasterxml.jackson.databind.ObjectMapper$1@76579ad1]
2018-07-02 18:06:29.810  INFO 2464 --- [restartedMain] com.sdgl.log.ControllerLogger            : 调用com.fasterxml.jackson.module.paramnames.ParameterNamesModule@308ff7db 的 setupModule 方法。方法返回值： null
2018-07-02 18:06:29.810  INFO 2464 --- [restartedMain] com.sdgl.log.ControllerLogger            : setupModule
2018-07-02 18:06:29.811  INFO 2464 --- [restartedMain] com.sdgl.log.ControllerLogger            : 调用org.springframework.boot.jackson.JsonComponentModule@41fa4ef5的getTypeId 方法。 方法入参： []
2018-07-02 18:06:29.816  INFO 2464 --- [restartedMain] com.sdgl.log.ControllerLogger            : 调用org.springframework.boot.jackson.JsonComponentModule@41fa4ef5 的 getTypeId 方法。方法返回值： org.springframework.boot.jackson.JsonComponentModule
2018-07-02 18:06:29.816  INFO 2464 --- [restartedMain] com.sdgl.log.ControllerLogger            : getTypeId
2018-07-02 18:06:29.817  INFO 2464 --- [restartedMain] com.sdgl.log.ControllerLogger            : 调用org.springframework.boot.jackson.JsonComponentModule@41fa4ef5的getModuleName 方法。 方法入参： []
2018-07-02 18:06:29.817  INFO 2464 --- [restartedMain] com.sdgl.log.ControllerLogger            : 调用org.springframework.boot.jackson.JsonComponentModule@41fa4ef5 的 getModuleName 方法。方法返回值： org.springframework.boot.jackson.JsonComponentModule
2018-07-02 18:06:29.817  INFO 2464 --- [restartedMain] com.sdgl.log.ControllerLogger            : getModuleName
2018-07-02 18:06:29.817  INFO 2464 --- [restartedMain] com.sdgl.log.ControllerLogger            : 调用org.springframework.boot.jackson.JsonComponentModule@41fa4ef5的version 方法。 方法入参： []
2018-07-02 18:06:29.817  INFO 2464 --- [restartedMain] com.sdgl.log.ControllerLogger            : 调用org.springframework.boot.jackson.JsonComponentModule@41fa4ef5 的 version 方法。方法返回值： 0.0.0
2018-07-02 18:06:29.817  INFO 2464 --- [restartedMain] com.sdgl.log.ControllerLogger            : version
2018-07-02 18:06:29.817  INFO 2464 --- [restartedMain] com.sdgl.log.ControllerLogger            : 调用org.springframework.boot.jackson.JsonComponentModule@41fa4ef5的setupModule 方法。 方法入参： [com.fasterxml.jackson.databind.ObjectMapper$1@4e322ff3]
2018-07-02 18:06:29.817  INFO 2464 --- [restartedMain] com.sdgl.log.ControllerLogger            : 调用org.springframework.boot.jackson.JsonComponentModule@41fa4ef5 的 setupModule 方法。方法返回值： null
2018-07-02 18:06:29.817  INFO 2464 --- [restartedMain] com.sdgl.log.ControllerLogger            : setupModule
2018-07-02 18:06:29.817  INFO 2464 --- [restartedMain] com.sdgl.log.ControllerLogger            : 调用org.springframework.data.geo.GeoModule@50da6fd2的getTypeId 方法。 方法入参： []
2018-07-02 18:06:29.828  INFO 2464 --- [restartedMain] com.sdgl.log.ControllerLogger            : 调用org.springframework.data.geo.GeoModule@50da6fd2 的 getTypeId 方法。方法返回值： org.springframework.data.geo.GeoModule
2018-07-02 18:06:29.828  INFO 2464 --- [restartedMain] com.sdgl.log.ControllerLogger            : getTypeId
2018-07-02 18:06:29.829  INFO 2464 --- [restartedMain] com.sdgl.log.ControllerLogger            : 调用org.springframework.data.geo.GeoModule@50da6fd2的getModuleName 方法。 方法入参： []
2018-07-02 18:06:29.829  INFO 2464 --- [restartedMain] com.sdgl.log.ControllerLogger            : 调用org.springframework.data.geo.GeoModule@50da6fd2 的 getModuleName 方法。方法返回值： Spring Data Geo Mixins
2018-07-02 18:06:29.829  INFO 2464 --- [restartedMain] com.sdgl.log.ControllerLogger            : getModuleName
2018-07-02 18:06:29.829  INFO 2464 --- [restartedMain] com.sdgl.log.ControllerLogger            : 调用org.springframework.data.geo.GeoModule@50da6fd2的version 方法。 方法入参： []
2018-07-02 18:06:29.829  INFO 2464 --- [restartedMain] com.sdgl.log.ControllerLogger            : 调用org.springframework.data.geo.GeoModule@50da6fd2 的 version 方法。方法返回值： 1.0.0
2018-07-02 18:06:29.829  INFO 2464 --- [restartedMain] com.sdgl.log.ControllerLogger            : version
2018-07-02 18:06:29.829  INFO 2464 --- [restartedMain] com.sdgl.log.ControllerLogger            : 调用org.springframework.data.geo.GeoModule@50da6fd2的setupModule 方法。 方法入参： [com.fasterxml.jackson.databind.ObjectMapper$1@1ab0fe58]
2018-07-02 18:06:29.830  INFO 2464 --- [restartedMain] com.sdgl.log.ControllerLogger            : 调用org.springframework.data.geo.GeoModule@50da6fd2 的 setupModule 方法。方法返回值： null
2018-07-02 18:06:29.830  INFO 2464 --- [restartedMain] com.sdgl.log.ControllerLogger            : setupModule
2018-07-02 18:06:29.912  INFO 2464 --- [restartedMain] o.s.aop.framework.CglibAopProxy          : Final method [protected final void com.fasterxml.jackson.databind.ObjectMapper._verifyNoTrailingTokens(com.fasterxml.jackson.core.JsonParser,com.fasterxml.jackson.databind.DeserializationContext,com.fasterxml.jackson.databind.JavaType) throws java.io.IOException] cannot get proxied via CGLIB: Calls to this method will NOT be routed to the target instance and might lead to NPEs against uninitialized fields in the proxy instance.
2018-07-02 18:06:29.912  INFO 2464 --- [restartedMain] o.s.aop.framework.CglibAopProxy          : Final method [protected final void com.fasterxml.jackson.databind.ObjectMapper._configAndWriteValue(com.fasterxml.jackson.core.JsonGenerator,java.lang.Object) throws java.io.IOException] cannot get proxied via CGLIB: Calls to this method will NOT be routed to the target instance and might lead to NPEs against uninitialized fields in the proxy instance.
2018-07-02 18:06:29.913  INFO 2464 --- [restartedMain] o.s.aop.framework.CglibAopProxy          : Final method [public final void com.fasterxml.jackson.databind.ObjectMapper.addMixInAnnotations(java.lang.Class,java.lang.Class)] cannot get proxied via CGLIB: Calls to this method will NOT be routed to the target instance and might lead to NPEs against uninitialized fields in the proxy instance.
2018-07-02 18:06:29.913  INFO 2464 --- [restartedMain] o.s.aop.framework.CglibAopProxy          : Final method [public final java.lang.Object com.fasterxml.jackson.databind.ObjectMapper.readValue(com.fasterxml.jackson.core.JsonParser,com.fasterxml.jackson.core.type.ResolvedType) throws java.io.IOException,com.fasterxml.jackson.core.JsonParseException,com.fasterxml.jackson.databind.JsonMappingException] cannot get proxied via CGLIB: Calls to this method will NOT be routed to the target instance and might lead to NPEs against uninitialized fields in the proxy instance.
2018-07-02 18:06:30.151  INFO 2464 --- [restartedMain] s.w.s.m.m.a.RequestMappingHandlerAdapter : Looking for @ControllerAdvice: org.springframework.boot.web.servlet.context.AnnotationConfigServletWebServerApplicationContext@5127eabd: startup date [Mon Jul 02 18:06:24 CST 2018]; root of context hierarchy
2018-07-02 18:06:30.232  INFO 2464 --- [restartedMain] s.w.s.m.m.a.RequestMappingHandlerMapping : Mapped "{[/]}" onto public java.lang.String com.sdgl.controller.UserController.show()
2018-07-02 18:06:30.242  INFO 2464 --- [restartedMain] s.w.s.m.m.a.RequestMappingHandlerMapping : Mapped "{[/error]}" onto public org.springframework.http.ResponseEntity<java.util.Map<java.lang.String, java.lang.Object>> org.springframework.boot.autoconfigure.web.servlet.error.BasicErrorController.error(javax.servlet.http.HttpServletRequest)
2018-07-02 18:06:30.243  INFO 2464 --- [restartedMain] s.w.s.m.m.a.RequestMappingHandlerMapping : Mapped "{[/error],produces=[text/html]}" onto public org.springframework.web.servlet.ModelAndView org.springframework.boot.autoconfigure.web.servlet.error.BasicErrorController.errorHtml(javax.servlet.http.HttpServletRequest,javax.servlet.http.HttpServletResponse)
2018-07-02 18:06:30.340  INFO 2464 --- [restartedMain] o.s.w.s.handler.SimpleUrlHandlerMapping  : Mapped URL path [/webjars/**] onto handler of type [class org.springframework.web.servlet.resource.ResourceHttpRequestHandler]
2018-07-02 18:06:30.341  INFO 2464 --- [restartedMain] o.s.w.s.handler.SimpleUrlHandlerMapping  : Mapped URL path [/**] onto handler of type [class org.springframework.web.servlet.resource.ResourceHttpRequestHandler]
2018-07-02 18:06:30.509  INFO 2464 --- [restartedMain] com.sdgl.log.ControllerLogger            : 调用{
	CreateTime:"2018-07-02 18:06:28",
	ActiveCount:0,
	PoolingCount:0,
	CreateCount:0,
	DestroyCount:0,
	CloseCount:0,
	ConnectCount:0,
	Connections:[
	]
}的unwrap 方法。 方法入参： [class com.zaxxer.hikari.HikariDataSource]
2018-07-02 18:06:30.591  INFO 2464 --- [restartedMain] com.sdgl.log.ControllerLogger            : 调用{
	CreateTime:"2018-07-02 18:06:28",
	ActiveCount:0,
	PoolingCount:0,
	CreateCount:0,
	DestroyCount:0,
	CloseCount:0,
	ConnectCount:0,
	Connections:[
	]
} 的 unwrap 方法。方法返回值： null
2018-07-02 18:06:30.591  INFO 2464 --- [restartedMain] com.sdgl.log.ControllerLogger            : unwrap
2018-07-02 18:06:30.703  INFO 2464 --- [restartedMain] com.sdgl.log.ControllerLogger            : 调用com.github.pagehelper.autoconfigure.PageHelperAutoConfiguration$$EnhancerBySpringCGLIB$$a5f62659@4430c4f9的pageHelperProperties 方法。 方法入参： []
2018-07-02 18:06:30.711  INFO 2464 --- [restartedMain] com.sdgl.log.ControllerLogger            : 调用com.github.pagehelper.autoconfigure.PageHelperAutoConfiguration$$EnhancerBySpringCGLIB$$a5f62659@4430c4f9 的 pageHelperProperties 方法。方法返回值： {}
2018-07-02 18:06:30.711  INFO 2464 --- [restartedMain] com.sdgl.log.ControllerLogger            : pageHelperProperties
2018-07-02 18:06:30.779  INFO 2464 --- [restartedMain] com.sdgl.log.ControllerLogger            : 调用com.github.pagehelper.autoconfigure.PageHelperProperties@67991886的getProperties 方法。 方法入参： []
2018-07-02 18:06:30.788  INFO 2464 --- [restartedMain] com.sdgl.log.ControllerLogger            : 调用com.github.pagehelper.autoconfigure.PageHelperProperties@67991886 的 getProperties 方法。方法返回值： {supportMethodsArguments=true, helperDialect=mysql, reasonable=true, params=count=countSql}
2018-07-02 18:06:30.788  INFO 2464 --- [restartedMain] com.sdgl.log.ControllerLogger            : getProperties
2018-07-02 18:06:30.881  WARN 2464 --- [restartedMain] ConfigServletWebServerApplicationContext : Exception encountered during context initialization - cancelling refresh attempt: org.springframework.beans.factory.BeanCreationException: Error creating bean with name 'mbeanExporter' defined in class path resource [org/springframework/boot/autoconfigure/jmx/JmxAutoConfiguration.class]: Bean instantiation via factory method failed; nested exception is org.springframework.beans.BeanInstantiationException: Failed to instantiate [org.springframework.jmx.export.annotation.AnnotationMBeanExporter]: Factory method 'mbeanExporter' threw exception; nested exception is org.springframework.beans.factory.BeanCreationException: Error creating bean with name 'mbeanServer' defined in class path resource [org/springframework/boot/autoconfigure/jmx/JmxAutoConfiguration.class]: Initialization of bean failed; nested exception is org.springframework.aop.framework.AopConfigException: Could not generate CGLIB subclass of class [class com.sun.jmx.mbeanserver.JmxMBeanServer]: Common causes of this problem include using a final class or a non-visible class; nested exception is java.lang.IllegalArgumentException: Cannot subclass final class com.sun.jmx.mbeanserver.JmxMBeanServer
2018-07-02 18:06:30.891  INFO 2464 --- [restartedMain] o.apache.catalina.core.StandardService   : Stopping service [Tomcat]
2018-07-02 18:06:30.976 ERROR 2464 --- [restartedMain] o.s.boot.SpringApplication               : Application run failed

org.springframework.beans.factory.BeanCreationException: Error creating bean with name 'mbeanExporter' defined in class path resource [org/springframework/boot/autoconfigure/jmx/JmxAutoConfiguration.class]: Bean instantiation via factory method failed; nested exception is org.springframework.beans.BeanInstantiationException: Failed to instantiate [org.springframework.jmx.export.annotation.AnnotationMBeanExporter]: Factory method 'mbeanExporter' threw exception; nested exception is org.springframework.beans.factory.BeanCreationException: Error creating bean with name 'mbeanServer' defined in class path resource [org/springframework/boot/autoconfigure/jmx/JmxAutoConfiguration.class]: Initialization of bean failed; nested exception is org.springframework.aop.framework.AopConfigException: Could not generate CGLIB subclass of class [class com.sun.jmx.mbeanserver.JmxMBeanServer]: Common causes of this problem include using a final class or a non-visible class; nested exception is java.lang.IllegalArgumentException: Cannot subclass final class com.sun.jmx.mbeanserver.JmxMBeanServer
	at org.springframework.beans.factory.support.ConstructorResolver.instantiateUsingFactoryMethod(ConstructorResolver.java:587)
	at org.springframework.beans.factory.support.AbstractAutowireCapableBeanFactory.instantiateUsingFactoryMethod(AbstractAutowireCapableBeanFactory.java:1250)
	at org.springframework.beans.factory.support.AbstractAutowireCapableBeanFactory.createBeanInstance(AbstractAutowireCapableBeanFactory.java:1099)
	at org.springframework.beans.factory.support.AbstractAutowireCapableBeanFactory.doCreateBean(AbstractAutowireCapableBeanFactory.java:541)
	at org.springframework.beans.factory.support.AbstractAutowireCapableBeanFactory.createBean(AbstractAutowireCapableBeanFactory.java:501)
	at org.springframework.beans.factory.support.AbstractBeanFactory.lambda$doGetBean$0(AbstractBeanFactory.java:317)
	at org.springframework.beans.factory.support.DefaultSingletonBeanRegistry.getSingleton(DefaultSingletonBeanRegistry.java:228)
	at org.springframework.beans.factory.support.AbstractBeanFactory.doGetBean(AbstractBeanFactory.java:315)
	at org.springframework.beans.factory.support.AbstractBeanFactory.getBean(AbstractBeanFactory.java:199)
	at org.springframework.beans.factory.support.DefaultListableBeanFactory.preInstantiateSingletons(DefaultListableBeanFactory.java:760)
	at org.springframework.context.support.AbstractApplicationContext.finishBeanFactoryInitialization(AbstractApplicationContext.java:869)
	at org.springframework.context.support.AbstractApplicationContext.refresh(AbstractApplicationContext.java:550)
	at org.springframework.boot.web.servlet.context.ServletWebServerApplicationContext.refresh(ServletWebServerApplicationContext.java:140)
	at org.springframework.boot.SpringApplication.refresh(SpringApplication.java:759)
	at org.springframework.boot.SpringApplication.refreshContext(SpringApplication.java:395)
	at org.springframework.boot.SpringApplication.run(SpringApplication.java:327)
	at org.springframework.boot.SpringApplication.run(SpringApplication.java:1255)
	at org.springframework.boot.SpringApplication.run(SpringApplication.java:1243)
	at com.sdgl.Application.main(Application.java:15)
	at sun.reflect.NativeMethodAccessorImpl.invoke0(Native Method)
	at sun.reflect.NativeMethodAccessorImpl.invoke(NativeMethodAccessorImpl.java:62)
	at sun.reflect.DelegatingMethodAccessorImpl.invoke(DelegatingMethodAccessorImpl.java:43)
	at java.lang.reflect.Method.invoke(Method.java:498)
	at org.springframework.boot.devtools.restart.RestartLauncher.run(RestartLauncher.java:49)
Caused by: org.springframework.beans.BeanInstantiationException: Failed to instantiate [org.springframework.jmx.export.annotation.AnnotationMBeanExporter]: Factory method 'mbeanExporter' threw exception; nested exception is org.springframework.beans.factory.BeanCreationException: Error creating bean with name 'mbeanServer' defined in class path resource [org/springframework/boot/autoconfigure/jmx/JmxAutoConfiguration.class]: Initialization of bean failed; nested exception is org.springframework.aop.framework.AopConfigException: Could not generate CGLIB subclass of class [class com.sun.jmx.mbeanserver.JmxMBeanServer]: Common causes of this problem include using a final class or a non-visible class; nested exception is java.lang.IllegalArgumentException: Cannot subclass final class com.sun.jmx.mbeanserver.JmxMBeanServer
	at org.springframework.beans.factory.support.SimpleInstantiationStrategy.instantiate(SimpleInstantiationStrategy.java:185)
	at org.springframework.beans.factory.support.ConstructorResolver.instantiateUsingFactoryMethod(ConstructorResolver.java:579)
	... 23 common frames omitted
Caused by: org.springframework.beans.factory.BeanCreationException: Error creating bean with name 'mbeanServer' defined in class path resource [org/springframework/boot/autoconfigure/jmx/JmxAutoConfiguration.class]: Initialization of bean failed; nested exception is org.springframework.aop.framework.AopConfigException: Could not generate CGLIB subclass of class [class com.sun.jmx.mbeanserver.JmxMBeanServer]: Common causes of this problem include using a final class or a non-visible class; nested exception is java.lang.IllegalArgumentException: Cannot subclass final class com.sun.jmx.mbeanserver.JmxMBeanServer
	at org.springframework.beans.factory.support.AbstractAutowireCapableBeanFactory.doCreateBean(AbstractAutowireCapableBeanFactory.java:587)
	at org.springframework.beans.factory.support.AbstractAutowireCapableBeanFactory.createBean(AbstractAutowireCapableBeanFactory.java:501)
	at org.springframework.beans.factory.support.AbstractBeanFactory.lambda$doGetBean$0(AbstractBeanFactory.java:317)
	at org.springframework.beans.factory.support.DefaultSingletonBeanRegistry.getSingleton(DefaultSingletonBeanRegistry.java:228)
	at org.springframework.beans.factory.support.AbstractBeanFactory.doGetBean(AbstractBeanFactory.java:315)
	at org.springframework.beans.factory.support.AbstractBeanFactory.getBean(AbstractBeanFactory.java:204)
	at org.springframework.boot.autoconfigure.jmx.JmxAutoConfiguration.mbeanExporter(JmxAutoConfiguration.java:82)
	at org.springframework.boot.autoconfigure.jmx.JmxAutoConfiguration$$EnhancerBySpringCGLIB$$12a6ff10.CGLIB$mbeanExporter$4(<generated>)
	at org.springframework.boot.autoconfigure.jmx.JmxAutoConfiguration$$EnhancerBySpringCGLIB$$12a6ff10$$FastClassBySpringCGLIB$$225ebcf7.invoke(<generated>)
	at org.springframework.cglib.proxy.MethodProxy.invokeSuper(MethodProxy.java:228)
	at org.springframework.context.annotation.ConfigurationClassEnhancer$BeanMethodInterceptor.intercept(ConfigurationClassEnhancer.java:361)
	at org.springframework.boot.autoconfigure.jmx.JmxAutoConfiguration$$EnhancerBySpringCGLIB$$12a6ff10.mbeanExporter(<generated>)
	at sun.reflect.NativeMethodAccessorImpl.invoke0(Native Method)
	at sun.reflect.NativeMethodAccessorImpl.invoke(NativeMethodAccessorImpl.java:62)
	at sun.reflect.DelegatingMethodAccessorImpl.invoke(DelegatingMethodAccessorImpl.java:43)
	at java.lang.reflect.Method.invoke(Method.java:498)
	at org.springframework.beans.factory.support.SimpleInstantiationStrategy.instantiate(SimpleInstantiationStrategy.java:154)
	... 24 common frames omitted
Caused by: org.springframework.aop.framework.AopConfigException: Could not generate CGLIB subclass of class [class com.sun.jmx.mbeanserver.JmxMBeanServer]: Common causes of this problem include using a final class or a non-visible class; nested exception is java.lang.IllegalArgumentException: Cannot subclass final class com.sun.jmx.mbeanserver.JmxMBeanServer
	at org.springframework.aop.framework.CglibAopProxy.getProxy(CglibAopProxy.java:209)
	at org.springframework.aop.framework.ProxyFactory.getProxy(ProxyFactory.java:110)
	at org.springframework.aop.framework.autoproxy.AbstractAutoProxyCreator.createProxy(AbstractAutoProxyCreator.java:473)
	at org.springframework.aop.framework.autoproxy.AbstractAutoProxyCreator.wrapIfNecessary(AbstractAutoProxyCreator.java:355)
	at org.springframework.aop.framework.autoproxy.AbstractAutoProxyCreator.postProcessAfterInitialization(AbstractAutoProxyCreator.java:304)
	at org.springframework.beans.factory.support.AbstractAutowireCapableBeanFactory.applyBeanPostProcessorsAfterInitialization(AbstractAutowireCapableBeanFactory.java:437)
	at org.springframework.beans.factory.support.AbstractAutowireCapableBeanFactory.initializeBean(AbstractAutowireCapableBeanFactory.java:1706)
	at org.springframework.beans.factory.support.AbstractAutowireCapableBeanFactory.doCreateBean(AbstractAutowireCapableBeanFactory.java:579)
	... 40 common frames omitted
Caused by: java.lang.IllegalArgumentException: Cannot subclass final class com.sun.jmx.mbeanserver.JmxMBeanServer
	at org.springframework.cglib.proxy.Enhancer.generateClass(Enhancer.java:565)
	at org.springframework.cglib.transform.TransformingClassGenerator.generateClass(TransformingClassGenerator.java:33)
	at org.springframework.cglib.core.DefaultGeneratorStrategy.generate(DefaultGeneratorStrategy.java:25)
	at org.springframework.aop.framework.CglibAopProxy$ClassLoaderAwareUndeclaredThrowableStrategy.generate(CglibAopProxy.java:1001)
	at org.springframework.cglib.core.AbstractClassGenerator.generate(AbstractClassGenerator.java:329)
	at org.springframework.cglib.proxy.Enhancer.generate(Enhancer.java:492)
	at org.springframework.cglib.core.AbstractClassGenerator$ClassLoaderData$3.apply(AbstractClassGenerator.java:93)
	at org.springframework.cglib.core.AbstractClassGenerator$ClassLoaderData$3.apply(AbstractClassGenerator.java:91)
	at org.springframework.cglib.core.internal.LoadingCache$2.call(LoadingCache.java:54)
	at java.util.concurrent.FutureTask.run(FutureTask.java:266)
	at org.springframework.cglib.core.internal.LoadingCache.createEntry(LoadingCache.java:61)
	at org.springframework.cglib.core.internal.LoadingCache.get(LoadingCache.java:34)
	at org.springframework.cglib.core.AbstractClassGenerator$ClassLoaderData.get(AbstractClassGenerator.java:116)
	at org.springframework.cglib.core.AbstractClassGenerator.create(AbstractClassGenerator.java:291)
	at org.springframework.cglib.proxy.Enhancer.createHelper(Enhancer.java:480)
	at org.springframework.cglib.proxy.Enhancer.createClass(Enhancer.java:337)
	at org.springframework.aop.framework.ObjenesisCglibAopProxy.createProxyClassAndInstance(ObjenesisCglibAopProxy.java:58)
	at org.springframework.aop.framework.CglibAopProxy.getProxy(CglibAopProxy.java:205)
	... 47 common frames omitted

2018-07-02 18:09:27.996  INFO 2652 --- [restartedMain] com.sdgl.Application                     : Starting Application on WRD with PID 2652 (D:\Idear\tourism\target\classes started by 东东 in D:\Idear\tourism)
2018-07-02 18:09:28.000  INFO 2652 --- [restartedMain] com.sdgl.Application                     : No active profile set, falling back to default profiles: default
2018-07-02 18:09:28.206  INFO 2652 --- [restartedMain] ConfigServletWebServerApplicationContext : Refreshing org.springframework.boot.web.servlet.context.AnnotationConfigServletWebServerApplicationContext@1114e84d: startup date [Mon Jul 02 18:09:28 CST 2018]; root of context hierarchy
2018-07-02 18:09:29.388  INFO 2652 --- [restartedMain] .s.d.r.c.RepositoryConfigurationDelegate : Multiple Spring Data modules found, entering strict repository configuration mode!
2018-07-02 18:09:30.156  INFO 2652 --- [restartedMain] trationDelegate$BeanPostProcessorChecker : Bean 'org.springframework.transaction.annotation.ProxyTransactionManagementConfiguration' of type [org.springframework.transaction.annotation.ProxyTransactionManagementConfiguration$$EnhancerBySpringCGLIB$$171f6a96] is not eligible for getting processed by all BeanPostProcessors (for example: not eligible for auto-proxying)
2018-07-02 18:09:31.128  INFO 2652 --- [restartedMain] o.s.b.w.embedded.tomcat.TomcatWebServer  : Tomcat initialized with port(s): 8080 (http)
2018-07-02 18:09:31.146  INFO 2652 --- [restartedMain] o.a.coyote.http11.Http11NioProtocol      : Initializing ProtocolHandler ["http-nio-8080"]
2018-07-02 18:09:31.159  INFO 2652 --- [restartedMain] o.apache.catalina.core.StandardService   : Starting service [Tomcat]
2018-07-02 18:09:31.160  INFO 2652 --- [restartedMain] org.apache.catalina.core.StandardEngine  : Starting Servlet Engine: Apache Tomcat/8.5.29
2018-07-02 18:09:31.166  INFO 2652 --- [localhost-startStop-1] o.a.catalina.core.AprLifecycleListener   : The APR based Apache Tomcat Native library which allows optimal performance in production environments was not found on the java.library.path: [C:\Program Files\Java\jdk1.8.0_172\bin;C:\WINDOWS\Sun\Java\bin;C:\WINDOWS\system32;C:\WINDOWS;C:\app\Administrator\product\11.2.0\dbhome_2\bin;C:\app\WRD\product\12.1.0\dbhome_1\bin;C:\Program Files (x86)\Common Files\Oracle\Java\javapath;C:\WINDOWS\system32;C:\WINDOWS;C:\WINDOWS\System32\Wbem;C:\WINDOWS\System32\WindowsPowerShell\v1.0\;C:\Program Files (x86)\ATI Technologies\ATI.ACE\Core-Static;C:\Program Files\Microsoft SQL Server\110\DTS\Binn\;C:\Program Files (x86)\Microsoft SQL Server\110\Tools\Binn\;C:\Program Files\Microsoft SQL Server\110\Tools\Binn\;C:\Program Files (x86)\Microsoft SQL Server\110\Tools\Binn\ManagementStudio\;C:\Program Files (x86)\Microsoft Visual Studio 10.0\Common7\IDE\PrivateAssemblies\;C:\Program Files (x86)\Microsoft SQL Server\110\DTS\Binn\;C:\WINDOWS\system32\config\systemprofile\.dnx\bin;C:\Program Files\Microsoft DNX\Dnvm\;C:\Program Files\Microsoft SQL Server\130\Tools\Binn;C:\Program Files\Java\jdk1.8.0_172\bin\;C:\Program Files\Java\jdk1.8.0_172\jre\bin;G:\MySQL\bin;F:\MongDB\bin;F:\server\bin;D:\apache-maven-3.5.3\bin;G:\Git\cmd;C:\Users\agp13\AppData\Local\Microsoft\WindowsApps;;.]
2018-07-02 18:09:31.606  INFO 2652 --- [localhost-startStop-1] o.a.c.c.C.[Tomcat].[localhost].[/]       : Initializing Spring embedded WebApplicationContext
2018-07-02 18:09:31.607  INFO 2652 --- [localhost-startStop-1] o.s.web.context.ContextLoader            : Root WebApplicationContext: initialization completed in 3401 ms
2018-07-02 18:09:32.003  INFO 2652 --- [localhost-startStop-1] o.s.b.w.servlet.ServletRegistrationBean  : Servlet dispatcherServlet mapped to [/]
2018-07-02 18:09:32.155  INFO 2652 --- [localhost-startStop-1] o.s.b.w.servlet.FilterRegistrationBean   : Mapping filter: 'characterEncodingFilter' to: [/*]
2018-07-02 18:09:32.155  INFO 2652 --- [localhost-startStop-1] o.s.b.w.servlet.FilterRegistrationBean   : Mapping filter: 'hiddenHttpMethodFilter' to: [/*]
2018-07-02 18:09:32.156  INFO 2652 --- [localhost-startStop-1] o.s.b.w.servlet.FilterRegistrationBean   : Mapping filter: 'httpPutFormContentFilter' to: [/*]
2018-07-02 18:09:32.156  INFO 2652 --- [localhost-startStop-1] o.s.b.w.servlet.FilterRegistrationBean   : Mapping filter: 'requestContextFilter' to: [/*]
2018-07-02 18:09:32.951  INFO 2652 --- [restartedMain] o.s.w.s.handler.SimpleUrlHandlerMapping  : Mapped URL path [/**/favicon.ico] onto handler of type [class org.springframework.web.servlet.resource.ResourceHttpRequestHandler]
2018-07-02 18:09:33.467  INFO 2652 --- [restartedMain] s.w.s.m.m.a.RequestMappingHandlerAdapter : Looking for @ControllerAdvice: org.springframework.boot.web.servlet.context.AnnotationConfigServletWebServerApplicationContext@1114e84d: startup date [Mon Jul 02 18:09:28 CST 2018]; root of context hierarchy
2018-07-02 18:09:33.542  INFO 2652 --- [restartedMain] s.w.s.m.m.a.RequestMappingHandlerMapping : Mapped "{[/]}" onto public java.lang.String com.sdgl.controller.UserController.show()
2018-07-02 18:09:33.549  INFO 2652 --- [restartedMain] s.w.s.m.m.a.RequestMappingHandlerMapping : Mapped "{[/error]}" onto public org.springframework.http.ResponseEntity<java.util.Map<java.lang.String, java.lang.Object>> org.springframework.boot.autoconfigure.web.servlet.error.BasicErrorController.error(javax.servlet.http.HttpServletRequest)
2018-07-02 18:09:33.550  INFO 2652 --- [restartedMain] s.w.s.m.m.a.RequestMappingHandlerMapping : Mapped "{[/error],produces=[text/html]}" onto public org.springframework.web.servlet.ModelAndView org.springframework.boot.autoconfigure.web.servlet.error.BasicErrorController.errorHtml(javax.servlet.http.HttpServletRequest,javax.servlet.http.HttpServletResponse)
2018-07-02 18:09:33.626  INFO 2652 --- [restartedMain] o.s.w.s.handler.SimpleUrlHandlerMapping  : Mapped URL path [/webjars/**] onto handler of type [class org.springframework.web.servlet.resource.ResourceHttpRequestHandler]
2018-07-02 18:09:33.626  INFO 2652 --- [restartedMain] o.s.w.s.handler.SimpleUrlHandlerMapping  : Mapped URL path [/**] onto handler of type [class org.springframework.web.servlet.resource.ResourceHttpRequestHandler]
2018-07-02 18:09:35.005  INFO 2652 --- [restartedMain] o.s.w.s.v.f.FreeMarkerConfigurer         : ClassTemplateLoader for Spring macros added to FreeMarker configuration
2018-07-02 18:09:35.450  INFO 2652 --- [restartedMain] o.s.b.d.a.OptionalLiveReloadServer       : LiveReload server is running on port 35729
2018-07-02 18:09:35.525  INFO 2652 --- [restartedMain] o.s.j.e.a.AnnotationMBeanExporter        : Registering beans for JMX exposure on startup
2018-07-02 18:09:35.527  INFO 2652 --- [restartedMain] o.s.j.e.a.AnnotationMBeanExporter        : Bean with name 'dataSource' has been autodetected for JMX exposure
2018-07-02 18:09:35.538  INFO 2652 --- [restartedMain] o.s.j.e.a.AnnotationMBeanExporter        : Located MBean 'dataSource': registering with JMX server as MBean [com.alibaba.druid.pool:name=dataSource,type=DruidDataSource]
2018-07-02 18:09:35.586  INFO 2652 --- [restartedMain] o.a.coyote.http11.Http11NioProtocol      : Starting ProtocolHandler ["http-nio-8080"]
2018-07-02 18:09:35.600  INFO 2652 --- [restartedMain] o.a.tomcat.util.net.NioSelectorPool      : Using a shared selector for servlet write/read
2018-07-02 18:09:35.648  INFO 2652 --- [restartedMain] o.s.b.w.embedded.tomcat.TomcatWebServer  : Tomcat started on port(s): 8080 (http) with context path ''
2018-07-02 18:09:35.654  INFO 2652 --- [restartedMain] com.sdgl.Application                     : Started Application in 8.74 seconds (JVM running for 10.252)
