08:43:43.501 logback [restartedMain] INFO  com.sdgl.Application - Starting Application on T-Bog with PID 12032 (started by 三毛 in E:\Program Files (x86)\2015eclipse\tourism)
08:43:43.511 logback [restartedMain] INFO  com.sdgl.Application - No active profile set, falling back to default profiles: default
08:43:43.611 logback [restartedMain] INFO  o.s.b.w.s.c.AnnotationConfigServletWebServerApplicationContext - Refreshing org.springframework.boot.web.servlet.context.AnnotationConfigServletWebServerApplicationContext@2f64b060: startup date [Sat Jul 07 08:43:43 CST 2018]; root of context hierarchy
08:43:45.898 logback [restartedMain] INFO  o.s.d.r.c.RepositoryConfigurationDelegate - Multiple Spring Data modules found, entering strict repository configuration mode!
08:43:46.719 logback [restartedMain] INFO  o.s.c.s.PostProcessorRegistrationDelegate$BeanPostProcessorChecker - Bean 'org.springframework.transaction.annotation.ProxyTransactionManagementConfiguration' of type [org.springframework.transaction.annotation.ProxyTransactionManagementConfiguration$$EnhancerBySpringCGLIB$$bfd8a99f] is not eligible for getting processed by all BeanPostProcessors (for example: not eligible for auto-proxying)
08:43:47.973 logback [restartedMain] INFO  o.s.b.w.e.tomcat.TomcatWebServer - Tomcat initialized with port(s): 8080 (http)
08:43:48.031 logback [restartedMain] INFO  o.a.coyote.http11.Http11NioProtocol - Initializing ProtocolHandler ["http-nio-8080"]
08:43:48.059 logback [restartedMain] INFO  o.a.catalina.core.StandardService - Starting service [Tomcat]
08:43:48.060 logback [restartedMain] INFO  o.a.catalina.core.StandardEngine - Starting Servlet Engine: Apache Tomcat/8.5.29
08:43:48.064 logback [localhost-startStop-1] INFO  o.a.c.core.AprLifecycleListener - The APR based Apache Tomcat Native library which allows optimal performance in production environments was not found on the java.library.path: [C:\Program Files\Java\jdk1.8.0_172\bin;C:\Windows\Sun\Java\bin;C:\Windows\system32;C:\Windows;D:\app\admin\product\11.2.0\dbhome_1\bin;C:\Windows\system32;C:\Windows;C:\Windows\System32\Wbem;C:\Windows\System32\WindowsPowerShell\v1.0\;C:\Program Files (x86)\NVIDIA Corporation\PhysX\Common;C:\Program Files\Intel\WiFi\bin\;C:\Program Files\Common Files\Intel\WirelessCommon\;D:\mongodb\bin;"%CATALINA_HOME%\lib;%CATALINA_HOME%\bin";D:\apache-maven-3.5.3\bin;C:\Program Files\Java\jdk1.8.0_172\bin;D:\svn\bin;C:\Program Files\MySQL\MySQL Server 8.0\bin;D:\node.js\;C:\Program Files\Java\jdk1.8.0_172\jre\bin;C:\Users\qq470\AppData\Local\Microsoft\WindowsApps;C:\Program Files\Intel\WiFi\bin\;C:\Program Files\Common Files\Intel\WirelessCommon\;C:\Users\qq470\AppData\Roaming\npm;D:\Microsoft VS Code\bin;.]
08:43:48.379 logback [localhost-startStop-1] INFO  o.a.c.c.C.[Tomcat].[localhost].[/] - Initializing Spring embedded WebApplicationContext
08:43:48.379 logback [localhost-startStop-1] INFO  o.s.web.context.ContextLoader - Root WebApplicationContext: initialization completed in 4769 ms
08:43:48.795 logback [localhost-startStop-1] INFO  o.s.b.w.s.ServletRegistrationBean - Servlet dispatcherServlet mapped to [/]
08:43:48.800 logback [localhost-startStop-1] INFO  o.s.b.w.s.FilterRegistrationBean - Mapping filter: 'characterEncodingFilter' to: [/*]
08:43:48.800 logback [localhost-startStop-1] INFO  o.s.b.w.s.FilterRegistrationBean - Mapping filter: 'hiddenHttpMethodFilter' to: [/*]
08:43:48.800 logback [localhost-startStop-1] INFO  o.s.b.w.s.FilterRegistrationBean - Mapping filter: 'httpPutFormContentFilter' to: [/*]
08:43:48.801 logback [localhost-startStop-1] INFO  o.s.b.w.s.FilterRegistrationBean - Mapping filter: 'requestContextFilter' to: [/*]
08:43:49.637 logback [restartedMain] INFO  o.s.w.s.h.SimpleUrlHandlerMapping - Mapped URL path [/**/favicon.ico] onto handler of type [class org.springframework.web.servlet.resource.ResourceHttpRequestHandler]
08:43:50.118 logback [restartedMain] INFO  o.s.w.s.m.m.a.RequestMappingHandlerAdapter - Looking for @ControllerAdvice: org.springframework.boot.web.servlet.context.AnnotationConfigServletWebServerApplicationContext@2f64b060: startup date [Sat Jul 07 08:43:43 CST 2018]; root of context hierarchy
08:43:50.214 logback [restartedMain] INFO  o.s.w.s.m.m.a.RequestMappingHandlerMapping - Mapped "{[/]}" onto public java.lang.String com.sdgl.controller.op.testController.get()
08:43:50.218 logback [restartedMain] INFO  o.s.w.s.m.m.a.RequestMappingHandlerMapping - Mapped "{[/deleteHotelRelation]}" onto public java.lang.String com.sdgl.controller.suppliers.HotelController.deleteHotelRelation(com.sdgl.pojo.suppliers.Relation)
08:43:50.218 logback [restartedMain] INFO  o.s.w.s.m.m.a.RequestMappingHandlerMapping - Mapped "{[/selectHotelRelation]}" onto public java.lang.String com.sdgl.controller.suppliers.HotelController.selectHotelRelation(com.sdgl.pojo.suppliers.Relation)
08:43:50.218 logback [restartedMain] INFO  o.s.w.s.m.m.a.RequestMappingHandlerMapping - Mapped "{[/updateHotelRelation]}" onto public java.lang.String com.sdgl.controller.suppliers.HotelController.updateHotelRelation(com.sdgl.pojo.suppliers.Relation)
08:43:50.218 logback [restartedMain] INFO  o.s.w.s.m.m.a.RequestMappingHandlerMapping - Mapped "{[/addHotelRelation]}" onto public java.lang.String com.sdgl.controller.suppliers.HotelController.addHotelRelation(com.sdgl.pojo.suppliers.Relation)
08:43:50.219 logback [restartedMain] INFO  o.s.w.s.m.m.a.RequestMappingHandlerMapping - Mapped "{[/hotelList]}" onto public java.lang.String com.sdgl.controller.suppliers.HotelController.selectAllHotel(com.sdgl.pojo.suppliers.Hotel,java.lang.Integer)
08:43:50.219 logback [restartedMain] INFO  o.s.w.s.m.m.a.RequestMappingHandlerMapping - Mapped "{[/deleteHotelPrice]}" onto public java.lang.String com.sdgl.controller.suppliers.HotelController.deleteHotelPrice(com.sdgl.pojo.suppliers.HotelPrice)
08:43:50.219 logback [restartedMain] INFO  o.s.w.s.m.m.a.RequestMappingHandlerMapping - Mapped "{[/selectHotelPrice]}" onto public java.lang.String com.sdgl.controller.suppliers.HotelController.selectHotelPrice(com.sdgl.pojo.suppliers.HotelPrice)
08:43:50.219 logback [restartedMain] INFO  o.s.w.s.m.m.a.RequestMappingHandlerMapping - Mapped "{[/addHotelPrice]}" onto public java.lang.String com.sdgl.controller.suppliers.HotelController.addHotelPrice(com.sdgl.pojo.suppliers.HotelPrice)
08:43:50.219 logback [restartedMain] INFO  o.s.w.s.m.m.a.RequestMappingHandlerMapping - Mapped "{[/addImage]}" onto public java.lang.String com.sdgl.controller.suppliers.HotelController.addImage(java.lang.Integer,javax.servlet.http.HttpServletRequest)
08:43:50.220 logback [restartedMain] INFO  o.s.w.s.m.m.a.RequestMappingHandlerMapping - Mapped "{[/addHotel]}" onto public java.lang.String com.sdgl.controller.suppliers.HotelController.addHotel(com.sdgl.pojo.suppliers.Hotel)
08:43:50.220 logback [restartedMain] INFO  o.s.w.s.m.m.a.RequestMappingHandlerMapping - Mapped "{[/updateHotel]}" onto public java.lang.String com.sdgl.controller.suppliers.HotelController.updateHotel(com.sdgl.pojo.suppliers.Hotel)
08:43:50.220 logback [restartedMain] INFO  o.s.w.s.m.m.a.RequestMappingHandlerMapping - Mapped "{[/updateHotelPrice]}" onto public java.lang.String com.sdgl.controller.suppliers.HotelController.updateHotelPrice(com.sdgl.pojo.suppliers.HotelPrice)
08:43:50.221 logback [restartedMain] INFO  o.s.w.s.m.m.a.RequestMappingHandlerMapping - Mapped "{[/hotelById]}" onto public java.lang.String com.sdgl.controller.suppliers.HotelController.selectHotelById(java.lang.Integer)
08:43:50.223 logback [restartedMain] INFO  o.s.w.s.m.m.a.RequestMappingHandlerMapping - Mapped "{[/hotel_add.do]}" onto public java.lang.String com.sdgl.controller.suppliers.Page.hotel_add()
08:43:50.223 logback [restartedMain] INFO  o.s.w.s.m.m.a.RequestMappingHandlerMapping - Mapped "{[/bus_fleet_info.do]}" onto public java.lang.String com.sdgl.controller.suppliers.Page.bus_fleet_info()
08:43:50.223 logback [restartedMain] INFO  o.s.w.s.m.m.a.RequestMappingHandlerMapping - Mapped "{[/ticket_add.do]}" onto public java.lang.String com.sdgl.controller.suppliers.Page.ticket_add()
08:43:50.223 logback [restartedMain] INFO  o.s.w.s.m.m.a.RequestMappingHandlerMapping - Mapped "{[/restaurant_add.do]}" onto public java.lang.String com.sdgl.controller.suppliers.Page.restaurant_add()
08:43:50.223 logback [restartedMain] INFO  o.s.w.s.m.m.a.RequestMappingHandlerMapping - Mapped "{[/bus_fleet_add.do]}" onto public java.lang.String com.sdgl.controller.suppliers.Page.bus_fleet_add()
08:43:50.224 logback [restartedMain] INFO  o.s.w.s.m.m.a.RequestMappingHandlerMapping - Mapped "{[/agency_info.do]}" onto public java.lang.String com.sdgl.controller.suppliers.Page.agency_info()
08:43:50.224 logback [restartedMain] INFO  o.s.w.s.m.m.a.RequestMappingHandlerMapping - Mapped "{[/agency_add.do]}" onto public java.lang.String com.sdgl.controller.suppliers.Page.agency_add()
08:43:50.224 logback [restartedMain] INFO  o.s.w.s.m.m.a.RequestMappingHandlerMapping - Mapped "{[/product_info.do]}" onto public java.lang.String com.sdgl.controller.suppliers.Page.product_info()
08:43:50.224 logback [restartedMain] INFO  o.s.w.s.m.m.a.RequestMappingHandlerMapping - Mapped "{[/hotel_show.do]}" onto public java.lang.String com.sdgl.controller.suppliers.Page.hotel_show()
08:43:50.225 logback [restartedMain] INFO  o.s.w.s.m.m.a.RequestMappingHandlerMapping - Mapped "{[/restaurant_info.do]}" onto public java.lang.String com.sdgl.controller.suppliers.Page.restaurant_info()
08:43:50.225 logback [restartedMain] INFO  o.s.w.s.m.m.a.RequestMappingHandlerMapping - Mapped "{[/ticket_info.do]}" onto public java.lang.String com.sdgl.controller.suppliers.Page.ticket_info()
08:43:50.225 logback [restartedMain] INFO  o.s.w.s.m.m.a.RequestMappingHandlerMapping - Mapped "{[/ticketing_add.do]}" onto public java.lang.String com.sdgl.controller.suppliers.Page.ticketing_add()
08:43:50.225 logback [restartedMain] INFO  o.s.w.s.m.m.a.RequestMappingHandlerMapping - Mapped "{[/ticketing_info.do]}" onto public java.lang.String com.sdgl.controller.suppliers.Page.ticketing_info()
08:43:50.225 logback [restartedMain] INFO  o.s.w.s.m.m.a.RequestMappingHandlerMapping - Mapped "{[/product_add.do]}" onto public java.lang.String com.sdgl.controller.suppliers.Page.product_add()
08:43:50.228 logback [restartedMain] INFO  o.s.w.s.m.m.a.RequestMappingHandlerMapping - Mapped "{[/wrd_upload]}" onto public java.lang.Object com.sdgl.controller.suppliers.PaiowuController_wrd.add_wrd(com.sdgl.pojo.suppliers.Ticketing)
08:43:50.228 logback [restartedMain] INFO  o.s.w.s.m.m.a.RequestMappingHandlerMapping - Mapped "{[/cha_wrd],methods=[POST]}" onto public java.lang.String com.sdgl.controller.suppliers.PaiowuController_wrd.cha_wrd()
08:43:50.229 logback [restartedMain] INFO  o.s.w.s.m.m.a.RequestMappingHandlerMapping - Mapped "{[/index]}" onto public java.lang.String com.sdgl.controller.suppliers.testController2.get()
08:43:50.230 logback [restartedMain] INFO  o.s.w.s.m.m.a.RequestMappingHandlerMapping - Mapped "{[/gouwu]}" onto public java.lang.String com.sdgl.controller.suppliers.TestXu.gouwu()
08:43:50.230 logback [restartedMain] INFO  o.s.w.s.m.m.a.RequestMappingHandlerMapping - Mapped "{[/menpiao]}" onto public java.lang.String com.sdgl.controller.suppliers.TestXu.menpiao()
08:43:50.230 logback [restartedMain] INFO  o.s.w.s.m.m.a.RequestMappingHandlerMapping - Mapped "{[/canting]}" onto public java.lang.String com.sdgl.controller.suppliers.TestXu.canting()
08:43:50.230 logback [restartedMain] INFO  o.s.w.s.m.m.a.RequestMappingHandlerMapping - Mapped "{[/dijieshe]}" onto public java.lang.String com.sdgl.controller.suppliers.TestXu.dijieshe()
08:43:50.230 logback [restartedMain] INFO  o.s.w.s.m.m.a.RequestMappingHandlerMapping - Mapped "{[/jiudian]}" onto public java.lang.String com.sdgl.controller.suppliers.TestXu.jiudian()
08:43:50.230 logback [restartedMain] INFO  o.s.w.s.m.m.a.RequestMappingHandlerMapping - Mapped "{[/chedui]}" onto public java.lang.String com.sdgl.controller.suppliers.TestXu.chedui()
08:43:50.231 logback [restartedMain] INFO  o.s.w.s.m.m.a.RequestMappingHandlerMapping - Mapped "{[/piaowu]}" onto public java.lang.String com.sdgl.controller.suppliers.TestXu.piaowu()
08:43:50.232 logback [restartedMain] INFO  o.s.w.s.m.m.a.RequestMappingHandlerMapping - Mapped "{[/error]}" onto public org.springframework.http.ResponseEntity<java.util.Map<java.lang.String, java.lang.Object>> org.springframework.boot.autoconfigure.web.servlet.error.BasicErrorController.error(javax.servlet.http.HttpServletRequest)
08:43:50.233 logback [restartedMain] INFO  o.s.w.s.m.m.a.RequestMappingHandlerMapping - Mapped "{[/error],produces=[text/html]}" onto public org.springframework.web.servlet.ModelAndView org.springframework.boot.autoconfigure.web.servlet.error.BasicErrorController.errorHtml(javax.servlet.http.HttpServletRequest,javax.servlet.http.HttpServletResponse)
08:43:50.267 logback [restartedMain] INFO  o.s.w.s.h.SimpleUrlHandlerMapping - Mapped URL path [/webjars/**] onto handler of type [class org.springframework.web.servlet.resource.ResourceHttpRequestHandler]
08:43:50.267 logback [restartedMain] INFO  o.s.w.s.h.SimpleUrlHandlerMapping - Mapped URL path [/**] onto handler of type [class org.springframework.web.servlet.resource.ResourceHttpRequestHandler]
08:43:51.744 logback [restartedMain] INFO  o.s.w.s.v.f.FreeMarkerConfigurer - ClassTemplateLoader for Spring macros added to FreeMarker configuration
08:43:52.115 logback [restartedMain] INFO  o.s.b.d.a.OptionalLiveReloadServer - LiveReload server is running on port 35729
08:43:52.156 logback [restartedMain] INFO  o.s.j.e.a.AnnotationMBeanExporter - Registering beans for JMX exposure on startup
08:43:52.157 logback [restartedMain] INFO  o.s.j.e.a.AnnotationMBeanExporter - Bean with name 'dataSource' has been autodetected for JMX exposure
08:43:52.163 logback [restartedMain] INFO  o.s.j.e.a.AnnotationMBeanExporter - Located MBean 'dataSource': registering with JMX server as MBean [com.alibaba.druid.pool:name=dataSource,type=DruidDataSource]
08:43:52.177 logback [restartedMain] INFO  o.a.coyote.http11.Http11NioProtocol - Starting ProtocolHandler ["http-nio-8080"]
08:43:52.187 logback [restartedMain] INFO  o.a.tomcat.util.net.NioSelectorPool - Using a shared selector for servlet write/read
08:43:52.225 logback [restartedMain] INFO  o.s.b.w.e.tomcat.TomcatWebServer - Tomcat started on port(s): 8080 (http) with context path ''
08:43:52.228 logback [restartedMain] INFO  com.sdgl.Application - Started Application in 10.372 seconds (JVM running for 12.673)
08:44:24.526 logback [http-nio-8080-exec-3] INFO  o.a.c.c.C.[Tomcat].[localhost].[/] - Initializing Spring FrameworkServlet 'dispatcherServlet'
08:44:24.527 logback [http-nio-8080-exec-3] INFO  o.s.web.servlet.DispatcherServlet - FrameworkServlet 'dispatcherServlet': initialization started
08:44:24.546 logback [http-nio-8080-exec-3] INFO  o.s.web.servlet.DispatcherServlet - FrameworkServlet 'dispatcherServlet': initialization completed in 19 ms
08:44:24.607 logback [http-nio-8080-exec-3] INFO  com.sdgl.log.ControllerLogger - 调用com.sdgl.service.op.TestServiceImpl@660a87ab的get 方法。 方法入参： []
08:44:24.823 logback [http-nio-8080-exec-3] INFO  c.alibaba.druid.pool.DruidDataSource - {dataSource-1} inited
08:44:25.225 logback [http-nio-8080-exec-3] INFO  com.sdgl.log.ControllerLogger - 调用com.sdgl.service.op.TestServiceImpl@660a87ab 的 get 方法。方法返回值： com.sdgl.pojo.op.dept@cf938f5
08:44:25.225 logback [http-nio-8080-exec-3] INFO  com.sdgl.log.ControllerLogger - get
16:53:29.947 logback [restartedMain] INFO  com.sdgl.Application - Starting Application on SZX with PID 12596 (E:\UB\tourism\target\classes started by Administrator in E:\UB\tourism)
16:53:29.949 logback [restartedMain] INFO  com.sdgl.Application - No active profile set, falling back to default profiles: default
16:53:30.151 logback [restartedMain] INFO  o.s.b.w.s.c.AnnotationConfigServletWebServerApplicationContext - Refreshing org.springframework.boot.web.servlet.context.AnnotationConfigServletWebServerApplicationContext@746346ee: startup date [Sat Jul 07 16:53:30 CST 2018]; root of context hierarchy
16:53:34.790 logback [restartedMain] INFO  o.s.d.r.c.RepositoryConfigurationDelegate - Multiple Spring Data modules found, entering strict repository configuration mode!
16:53:36.616 logback [restartedMain] INFO  o.s.c.s.PostProcessorRegistrationDelegate$BeanPostProcessorChecker - Bean 'org.springframework.transaction.annotation.ProxyTransactionManagementConfiguration' of type [org.springframework.transaction.annotation.ProxyTransactionManagementConfiguration$$EnhancerBySpringCGLIB$$f9ae46a9] is not eligible for getting processed by all BeanPostProcessors (for example: not eligible for auto-proxying)
16:53:38.833 logback [restartedMain] INFO  o.s.b.w.e.tomcat.TomcatWebServer - Tomcat initialized with port(s): 8080 (http)
16:53:38.921 logback [restartedMain] INFO  o.a.coyote.http11.Http11NioProtocol - Initializing ProtocolHandler ["http-nio-8080"]
16:53:38.956 logback [restartedMain] INFO  o.a.catalina.core.StandardService - Starting service [Tomcat]
16:53:38.957 logback [restartedMain] INFO  o.a.catalina.core.StandardEngine - Starting Servlet Engine: Apache Tomcat/8.5.29
16:53:38.963 logback [localhost-startStop-1] INFO  o.a.c.core.AprLifecycleListener - The APR based Apache Tomcat Native library which allows optimal performance in production environments was not found on the java.library.path: [C:\Program Files\Java\jdk1.8.0_171\bin;C:\Windows\Sun\Java\bin;C:\Windows\system32;C:\Windows;C:\Program Files (x86)\Common Files\Oracle\Java\javapath;E:\app\Administrator\product\11.2.0\dbhome_1\bin;C:\Program Files\Common Files\Microsoft Shared\Windows Live;C:\ProgramData\Oracle\Java\javapath;C:\Windows\system32;C:\Windows;C:\Windows\System32\Wbem;C:\Windows\System32\WindowsPowerShell\v1.0\;C:\Program Files (x86)\NVIDIA Corporation\PhysX\Common;C:\Program Files (x86)\QuickTime\QTSystem\;D:\Qiyi\java\jdk1.7.0_51\bin;D:\Qiyi\java\jdk1.7.0_51\jre\bin;E:\UB\open\OpenVPN\bin;D:\Qiyi\新建文件夹 (2)\apache-tomcat-7.0.47\bin;C:\P;ogram Files\TortoiseSVN\bin;E:\maven\bin;E:\MongoDB\bin;E:\UB\Git\cmd;C:\Program Files\Common Files\Microsoft Shared\Windows Live;.]
16:53:39.414 logback [localhost-startStop-1] INFO  o.a.c.c.C.[Tomcat].[localhost].[/] - Initializing Spring embedded WebApplicationContext
16:53:39.415 logback [localhost-startStop-1] INFO  o.s.web.context.ContextLoader - Root WebApplicationContext: initialization completed in 9265 ms
16:53:39.698 logback [localhost-startStop-1] INFO  o.s.b.w.s.ServletRegistrationBean - Servlet dispatcherServlet mapped to [/]
16:53:39.704 logback [localhost-startStop-1] INFO  o.s.b.w.s.FilterRegistrationBean - Mapping filter: 'characterEncodingFilter' to: [/*]
16:53:39.704 logback [localhost-startStop-1] INFO  o.s.b.w.s.FilterRegistrationBean - Mapping filter: 'hiddenHttpMethodFilter' to: [/*]
16:53:39.704 logback [localhost-startStop-1] INFO  o.s.b.w.s.FilterRegistrationBean - Mapping filter: 'httpPutFormContentFilter' to: [/*]
16:53:39.704 logback [localhost-startStop-1] INFO  o.s.b.w.s.FilterRegistrationBean - Mapping filter: 'requestContextFilter' to: [/*]
16:53:42.302 logback [restartedMain] INFO  o.s.w.s.h.SimpleUrlHandlerMapping - Mapped URL path [/**/favicon.ico] onto handler of type [class org.springframework.web.servlet.resource.ResourceHttpRequestHandler]
16:53:43.408 logback [restartedMain] INFO  o.s.w.s.m.m.a.RequestMappingHandlerAdapter - Looking for @ControllerAdvice: org.springframework.boot.web.servlet.context.AnnotationConfigServletWebServerApplicationContext@746346ee: startup date [Sat Jul 07 16:53:30 CST 2018]; root of context hierarchy
16:53:43.667 logback [restartedMain] INFO  o.s.w.s.m.m.a.RequestMappingHandlerMapping - Mapped "{[/qq/ww]}" onto public java.lang.String com.sdgl.controller.set.AccountController.seleec()
16:53:43.671 logback [restartedMain] INFO  o.s.w.s.m.m.a.RequestMappingHandlerMapping - Mapped "{[/user/insert]}" onto public java.lang.String com.sdgl.controller.set.UserController.insert(com.sdgl.pojo.set.User)
16:53:43.672 logback [restartedMain] INFO  o.s.w.s.m.m.a.RequestMappingHandlerMapping - Mapped "{[/deleteHotelRelation]}" onto public java.lang.String com.sdgl.controller.suppliers.HotelController.deleteHotelRelation(com.sdgl.pojo.suppliers.Relation)
16:53:43.673 logback [restartedMain] INFO  o.s.w.s.m.m.a.RequestMappingHandlerMapping - Mapped "{[/updateHotelRelation]}" onto public java.lang.String com.sdgl.controller.suppliers.HotelController.updateHotelRelation(com.sdgl.pojo.suppliers.Relation)
16:53:43.673 logback [restartedMain] INFO  o.s.w.s.m.m.a.RequestMappingHandlerMapping - Mapped "{[/selectHotelRelation]}" onto public java.lang.String com.sdgl.controller.suppliers.HotelController.selectHotelRelation(com.sdgl.pojo.suppliers.Relation)
16:53:43.674 logback [restartedMain] INFO  o.s.w.s.m.m.a.RequestMappingHandlerMapping - Mapped "{[/hotelList]}" onto public java.lang.String com.sdgl.controller.suppliers.HotelController.selectAllHotel(com.sdgl.pojo.suppliers.Hotel,java.lang.Integer)
16:53:43.674 logback [restartedMain] INFO  o.s.w.s.m.m.a.RequestMappingHandlerMapping - Mapped "{[/hotelById]}" onto public java.lang.String com.sdgl.controller.suppliers.HotelController.selectHotelById(java.lang.Integer,javax.servlet.http.HttpSession)
16:53:43.674 logback [restartedMain] INFO  o.s.w.s.m.m.a.RequestMappingHandlerMapping - Mapped "{[/addHotel]}" onto public java.lang.String com.sdgl.controller.suppliers.HotelController.addHotel(com.sdgl.pojo.suppliers.Hotel)
16:53:43.675 logback [restartedMain] INFO  o.s.w.s.m.m.a.RequestMappingHandlerMapping - Mapped "{[/addImage]}" onto public java.lang.String com.sdgl.controller.suppliers.HotelController.addImage(java.lang.Integer,javax.servlet.http.HttpServletRequest)
16:53:43.675 logback [restartedMain] INFO  o.s.w.s.m.m.a.RequestMappingHandlerMapping - Mapped "{[/updateHotel]}" onto public java.lang.String com.sdgl.controller.suppliers.HotelController.updateHotel(com.sdgl.pojo.suppliers.Hotel)
16:53:43.675 logback [restartedMain] INFO  o.s.w.s.m.m.a.RequestMappingHandlerMapping - Mapped "{[/addHotelRelation]}" onto public java.lang.String com.sdgl.controller.suppliers.HotelController.addHotelRelation(com.sdgl.pojo.suppliers.Relation)
16:53:43.676 logback [restartedMain] INFO  o.s.w.s.m.m.a.RequestMappingHandlerMapping - Mapped "{[/addHotelPrice]}" onto public java.lang.String com.sdgl.controller.suppliers.HotelController.addHotelPrice(com.sdgl.pojo.suppliers.HotelPrice)
16:53:43.676 logback [restartedMain] INFO  o.s.w.s.m.m.a.RequestMappingHandlerMapping - Mapped "{[/deleteHotelPrice]}" onto public java.lang.String com.sdgl.controller.suppliers.HotelController.deleteHotelPrice(com.sdgl.pojo.suppliers.HotelPrice)
16:53:43.677 logback [restartedMain] INFO  o.s.w.s.m.m.a.RequestMappingHandlerMapping - Mapped "{[/updateHotelPrice]}" onto public java.lang.String com.sdgl.controller.suppliers.HotelController.updateHotelPrice(com.sdgl.pojo.suppliers.HotelPrice)
16:53:43.677 logback [restartedMain] INFO  o.s.w.s.m.m.a.RequestMappingHandlerMapping - Mapped "{[/selectHotelPrice]}" onto public java.lang.String com.sdgl.controller.suppliers.HotelController.selectHotelPrice(com.sdgl.pojo.suppliers.HotelPrice)
16:53:43.679 logback [restartedMain] INFO  o.s.w.s.m.m.a.RequestMappingHandlerMapping - Mapped "{[/restaurant_add.do]}" onto public java.lang.String com.sdgl.controller.suppliers.Page.restaurant_add()
16:53:43.680 logback [restartedMain] INFO  o.s.w.s.m.m.a.RequestMappingHandlerMapping - Mapped "{[/restaurant_info.do]}" onto public java.lang.String com.sdgl.controller.suppliers.Page.restaurant_info()
16:53:43.680 logback [restartedMain] INFO  o.s.w.s.m.m.a.RequestMappingHandlerMapping - Mapped "{[/agency_add.do]}" onto public java.lang.String com.sdgl.controller.suppliers.Page.agency_add()
16:53:43.680 logback [restartedMain] INFO  o.s.w.s.m.m.a.RequestMappingHandlerMapping - Mapped "{[/bus_fleet_add.do]}" onto public java.lang.String com.sdgl.controller.suppliers.Page.bus_fleet_add()
16:53:43.681 logback [restartedMain] INFO  o.s.w.s.m.m.a.RequestMappingHandlerMapping - Mapped "{[/agency_info.do]}" onto public java.lang.String com.sdgl.controller.suppliers.Page.agency_info()
16:53:43.681 logback [restartedMain] INFO  o.s.w.s.m.m.a.RequestMappingHandlerMapping - Mapped "{[/bus_fleet_info.do]}" onto public java.lang.String com.sdgl.controller.suppliers.Page.bus_fleet_info()
16:53:43.681 logback [restartedMain] INFO  o.s.w.s.m.m.a.RequestMappingHandlerMapping - Mapped "{[/product_add.do]}" onto public java.lang.String com.sdgl.controller.suppliers.Page.product_add()
16:53:43.682 logback [restartedMain] INFO  o.s.w.s.m.m.a.RequestMappingHandlerMapping - Mapped "{[/product_info.do]}" onto public java.lang.String com.sdgl.controller.suppliers.Page.product_info()
16:53:43.682 logback [restartedMain] INFO  o.s.w.s.m.m.a.RequestMappingHandlerMapping - Mapped "{[/hotel_add.do]}" onto public java.lang.String com.sdgl.controller.suppliers.Page.hotel_add()
16:53:43.682 logback [restartedMain] INFO  o.s.w.s.m.m.a.RequestMappingHandlerMapping - Mapped "{[/hotel_show.do]}" onto public java.lang.String com.sdgl.controller.suppliers.Page.hotel_show()
16:53:43.682 logback [restartedMain] INFO  o.s.w.s.m.m.a.RequestMappingHandlerMapping - Mapped "{[/ticket_add.do]}" onto public java.lang.String com.sdgl.controller.suppliers.Page.ticket_add()
16:53:43.683 logback [restartedMain] INFO  o.s.w.s.m.m.a.RequestMappingHandlerMapping - Mapped "{[/ticket_info]}" onto public java.lang.String com.sdgl.controller.suppliers.Page.ticket_info()
16:53:43.683 logback [restartedMain] INFO  o.s.w.s.m.m.a.RequestMappingHandlerMapping - Mapped "{[/ticketing_add.do]}" onto public java.lang.String com.sdgl.controller.suppliers.Page.ticketing_add()
16:53:43.683 logback [restartedMain] INFO  o.s.w.s.m.m.a.RequestMappingHandlerMapping - Mapped "{[/ticketing_info.do]}" onto public java.lang.String com.sdgl.controller.suppliers.Page.ticketing_info()
16:53:43.685 logback [restartedMain] INFO  o.s.w.s.m.m.a.RequestMappingHandlerMapping - Mapped "{[/wrd_upload]}" onto public java.lang.Object com.sdgl.controller.suppliers.PaiowuController_wrd.add_wrd(com.sdgl.pojo.suppliers.Ticketing)
16:53:43.685 logback [restartedMain] INFO  o.s.w.s.m.m.a.RequestMappingHandlerMapping - Mapped "{[/cha_wrd],methods=[POST]}" onto public java.lang.String com.sdgl.controller.suppliers.PaiowuController_wrd.cha_wrd()
16:53:43.686 logback [restartedMain] INFO  o.s.w.s.m.m.a.RequestMappingHandlerMapping - Mapped "{[/canting]}" onto public java.lang.String com.sdgl.controller.suppliers.TestXu.canting()
16:53:43.687 logback [restartedMain] INFO  o.s.w.s.m.m.a.RequestMappingHandlerMapping - Mapped "{[/chedui]}" onto public java.lang.String com.sdgl.controller.suppliers.TestXu.chedui()
16:53:43.687 logback [restartedMain] INFO  o.s.w.s.m.m.a.RequestMappingHandlerMapping - Mapped "{[/dijieshe]}" onto public java.lang.String com.sdgl.controller.suppliers.TestXu.dijieshe()
16:53:43.687 logback [restartedMain] INFO  o.s.w.s.m.m.a.RequestMappingHandlerMapping - Mapped "{[/gouwu]}" onto public java.lang.String com.sdgl.controller.suppliers.TestXu.gouwu()
16:53:43.687 logback [restartedMain] INFO  o.s.w.s.m.m.a.RequestMappingHandlerMapping - Mapped "{[/jiudian]}" onto public java.lang.String com.sdgl.controller.suppliers.TestXu.jiudian()
16:53:43.688 logback [restartedMain] INFO  o.s.w.s.m.m.a.RequestMappingHandlerMapping - Mapped "{[/menpiao]}" onto public java.lang.String com.sdgl.controller.suppliers.TestXu.menpiao()
16:53:43.688 logback [restartedMain] INFO  o.s.w.s.m.m.a.RequestMappingHandlerMapping - Mapped "{[/piaowu]}" onto public java.lang.String com.sdgl.controller.suppliers.TestXu.piaowu()
16:53:43.689 logback [restartedMain] INFO  o.s.w.s.m.m.a.RequestMappingHandlerMapping - Mapped "{[/relationuploadimg],methods=[POST]}" onto public int com.sdgl.controller.suppliersfei.ImagesController.relationuploadimg(org.springframework.web.multipart.MultipartFile,javax.servlet.http.HttpServletRequest)
16:53:43.689 logback [restartedMain] INFO  o.s.w.s.m.m.a.RequestMappingHandlerMapping - Mapped "{[/selectImgByOtherId],methods=[POST]}" onto public java.util.List<com.sdgl.pojo.suppliersfei.Images> com.sdgl.controller.suppliersfei.ImagesController.selectImgByOtherId(java.lang.Integer)
16:53:43.690 logback [restartedMain] INFO  o.s.w.s.m.m.a.RequestMappingHandlerMapping - Mapped "{[/updaterelationbyid],methods=[POST]}" onto public int com.sdgl.controller.suppliersfei.RelationController.updaterelationbyid(com.sdgl.pojo.suppliersfei.Relations)
16:53:43.691 logback [restartedMain] INFO  o.s.w.s.m.m.a.RequestMappingHandlerMapping - Mapped "{[/insertrelation],methods=[POST]}" onto public java.lang.String com.sdgl.controller.suppliersfei.RelationController.insertrelation(com.sdgl.pojo.suppliersfei.Relations)
16:53:43.691 logback [restartedMain] INFO  o.s.w.s.m.m.a.RequestMappingHandlerMapping - Mapped "{[/deletebyrelaid],methods=[POST]}" onto public int com.sdgl.controller.suppliersfei.RelationController.deletebyrelaid(com.sdgl.pojo.suppliersfei.Relations)
16:53:43.692 logback [restartedMain] INFO  o.s.w.s.m.m.a.RequestMappingHandlerMapping - Mapped "{[/selectTicketsById],methods=[POST]}" onto public com.sdgl.pojo.suppliersfei.Tickets com.sdgl.controller.suppliersfei.TicketController.selectTicketsById(java.lang.Integer)
16:53:43.692 logback [restartedMain] INFO  o.s.w.s.m.m.a.RequestMappingHandlerMapping - Mapped "{[/selectAllTickets],methods=[POST]}" onto public java.util.List<com.sdgl.pojo.suppliersfei.AllTickets> com.sdgl.controller.suppliersfei.TicketController.selectAllTickets(com.sdgl.pojo.suppliersfei.Tickets,java.lang.Integer,java.lang.Integer,javax.servlet.http.HttpServletRequest,java.lang.String)
16:53:43.693 logback [restartedMain] INFO  o.s.w.s.m.m.a.RequestMappingHandlerMapping - Mapped "{[/addTickets],methods=[POST]}" onto public java.lang.String com.sdgl.controller.suppliersfei.TicketController.addTickets(com.sdgl.pojo.suppliersfei.Tickets)
16:53:43.694 logback [restartedMain] INFO  o.s.w.s.m.m.a.RequestMappingHandlerMapping - Mapped "{[/deletebyfareid],methods=[POST]}" onto public int com.sdgl.controller.suppliersfei.TicketFareController.deletebyfareid(java.lang.Integer)
16:53:43.694 logback [restartedMain] INFO  o.s.w.s.m.m.a.RequestMappingHandlerMapping - Mapped "{[/insertTicketFare],methods=[POST]}" onto public int com.sdgl.controller.suppliersfei.TicketFareController.insertTicketFare(com.sdgl.pojo.suppliersfei.TicketFares)
16:53:43.694 logback [restartedMain] INFO  o.s.w.s.m.m.a.RequestMappingHandlerMapping - Mapped "{[/updateTicketFare],methods=[POST]}" onto public int com.sdgl.controller.suppliersfei.TicketFareController.updateTicketFare(com.sdgl.pojo.suppliersfei.TicketFares)
16:53:43.695 logback [restartedMain] INFO  o.s.w.s.m.m.a.RequestMappingHandlerMapping - Mapped "{[/goTicketAdd/{id}]}" onto public java.lang.String com.sdgl.controller.suppliersfei.TicketPageController.goTicketAdd()
16:53:43.695 logback [restartedMain] INFO  o.s.w.s.m.m.a.RequestMappingHandlerMapping - Mapped "{[/goTicketInfo/{id}]}" onto public java.lang.String com.sdgl.controller.suppliersfei.TicketPageController.goTicketInfo()
16:53:43.698 logback [restartedMain] INFO  o.s.w.s.m.m.a.RequestMappingHandlerMapping - Mapped "{[/error]}" onto public org.springframework.http.ResponseEntity<java.util.Map<java.lang.String, java.lang.Object>> org.springframework.boot.autoconfigure.web.servlet.error.BasicErrorController.error(javax.servlet.http.HttpServletRequest)
16:53:43.699 logback [restartedMain] INFO  o.s.w.s.m.m.a.RequestMappingHandlerMapping - Mapped "{[/error],produces=[text/html]}" onto public org.springframework.web.servlet.ModelAndView org.springframework.boot.autoconfigure.web.servlet.error.BasicErrorController.errorHtml(javax.servlet.http.HttpServletRequest,javax.servlet.http.HttpServletResponse)
16:53:43.746 logback [restartedMain] INFO  o.s.w.s.h.SimpleUrlHandlerMapping - Mapped URL path [/webjars/**] onto handler of type [class org.springframework.web.servlet.resource.ResourceHttpRequestHandler]
16:53:43.746 logback [restartedMain] INFO  o.s.w.s.h.SimpleUrlHandlerMapping - Mapped URL path [/**] onto handler of type [class org.springframework.web.servlet.resource.ResourceHttpRequestHandler]
16:53:46.598 logback [restartedMain] INFO  o.s.w.s.v.f.FreeMarkerConfigurer - ClassTemplateLoader for Spring macros added to FreeMarker configuration
16:53:47.155 logback [restartedMain] INFO  o.s.b.d.a.OptionalLiveReloadServer - LiveReload server is running on port 35729
16:53:47.217 logback [restartedMain] INFO  o.s.j.e.a.AnnotationMBeanExporter - Registering beans for JMX exposure on startup
16:53:47.219 logback [restartedMain] INFO  o.s.j.e.a.AnnotationMBeanExporter - Bean with name 'dataSource' has been autodetected for JMX exposure
16:53:47.226 logback [restartedMain] INFO  o.s.j.e.a.AnnotationMBeanExporter - Located MBean 'dataSource': registering with JMX server as MBean [com.alibaba.druid.pool:name=dataSource,type=DruidDataSource]
16:53:47.293 logback [restartedMain] INFO  o.a.coyote.http11.Http11NioProtocol - Starting ProtocolHandler ["http-nio-8080"]
16:53:47.308 logback [restartedMain] INFO  o.a.tomcat.util.net.NioSelectorPool - Using a shared selector for servlet write/read
16:53:47.364 logback [restartedMain] INFO  o.s.b.w.e.tomcat.TomcatWebServer - Tomcat started on port(s): 8080 (http) with context path ''
16:53:47.370 logback [restartedMain] INFO  com.sdgl.Application - Started Application in 21.752 seconds (JVM running for 27.072)
