08:47:57.259 logback [restartedMain] INFO  com.sdgl.Application - Starting Application on SZX with PID 8220 (E:\UB\tourism\target\classes started by Administrator in E:\UB\tourism)
08:47:57.284 logback [restartedMain] INFO  com.sdgl.Application - No active profile set, falling back to default profiles: default
08:47:57.601 logback [restartedMain] INFO  o.s.b.w.s.c.AnnotationConfigServletWebServerApplicationContext - Refreshing org.springframework.boot.web.servlet.context.AnnotationConfigServletWebServerApplicationContext@2073b102: startup date [Mon Jul 09 08:47:57 CST 2018]; root of context hierarchy
08:48:04.427 logback [restartedMain] INFO  o.s.d.r.c.RepositoryConfigurationDelegate - Multiple Spring Data modules found, entering strict repository configuration mode!
08:48:06.440 logback [restartedMain] INFO  o.s.c.s.PostProcessorRegistrationDelegate$BeanPostProcessorChecker - Bean 'org.springframework.transaction.annotation.ProxyTransactionManagementConfiguration' of type [org.springframework.transaction.annotation.ProxyTransactionManagementConfiguration$$EnhancerBySpringCGLIB$$e152c92e] is not eligible for getting processed by all BeanPostProcessors (for example: not eligible for auto-proxying)
08:48:10.533 logback [restartedMain] INFO  o.s.b.w.e.tomcat.TomcatWebServer - Tomcat initialized with port(s): 8080 (http)
08:48:10.658 logback [restartedMain] INFO  o.a.coyote.http11.Http11NioProtocol - Initializing ProtocolHandler ["http-nio-8080"]
08:48:10.687 logback [restartedMain] INFO  o.a.catalina.core.StandardService - Starting service [Tomcat]
08:48:10.688 logback [restartedMain] INFO  o.a.catalina.core.StandardEngine - Starting Servlet Engine: Apache Tomcat/8.5.29
08:48:10.697 logback [localhost-startStop-1] INFO  o.a.c.core.AprLifecycleListener - The APR based Apache Tomcat Native library which allows optimal performance in production environments was not found on the java.library.path: [C:\Program Files\Java\jdk1.8.0_171\bin;C:\Windows\Sun\Java\bin;C:\Windows\system32;C:\Windows;C:\Program Files (x86)\Common Files\Oracle\Java\javapath;E:\app\Administrator\product\11.2.0\dbhome_1\bin;C:\Program Files\Common Files\Microsoft Shared\Windows Live;C:\ProgramData\Oracle\Java\javapath;C:\Windows\system32;C:\Windows;C:\Windows\System32\Wbem;C:\Windows\System32\WindowsPowerShell\v1.0\;C:\Program Files (x86)\NVIDIA Corporation\PhysX\Common;C:\Program Files (x86)\QuickTime\QTSystem\;D:\Qiyi\java\jdk1.7.0_51\bin;D:\Qiyi\java\jdk1.7.0_51\jre\bin;E:\UB\open\OpenVPN\bin;D:\Qiyi\新建文件夹 (2)\apache-tomcat-7.0.47\bin;C:\P;ogram Files\TortoiseSVN\bin;E:\maven\bin;E:\MongoDB\bin;E:\UB\Git\cmd;C:\Program Files\Common Files\Microsoft Shared\Windows Live;.]
08:48:11.641 logback [localhost-startStop-1] INFO  o.a.c.c.C.[Tomcat].[localhost].[/] - Initializing Spring embedded WebApplicationContext
08:48:11.642 logback [localhost-startStop-1] INFO  o.s.web.context.ContextLoader - Root WebApplicationContext: initialization completed in 14041 ms
08:48:11.994 logback [localhost-startStop-1] INFO  o.s.b.w.s.ServletRegistrationBean - Servlet dispatcherServlet mapped to [/]
08:48:12.000 logback [localhost-startStop-1] INFO  o.s.b.w.s.FilterRegistrationBean - Mapping filter: 'characterEncodingFilter' to: [/*]
08:48:12.001 logback [localhost-startStop-1] INFO  o.s.b.w.s.FilterRegistrationBean - Mapping filter: 'hiddenHttpMethodFilter' to: [/*]
08:48:12.001 logback [localhost-startStop-1] INFO  o.s.b.w.s.FilterRegistrationBean - Mapping filter: 'httpPutFormContentFilter' to: [/*]
08:48:12.001 logback [localhost-startStop-1] INFO  o.s.b.w.s.FilterRegistrationBean - Mapping filter: 'requestContextFilter' to: [/*]
08:48:15.436 logback [restartedMain] INFO  o.s.w.s.h.SimpleUrlHandlerMapping - Mapped URL path [/**/favicon.ico] onto handler of type [class org.springframework.web.servlet.resource.ResourceHttpRequestHandler]
08:48:16.809 logback [restartedMain] INFO  o.s.w.s.m.m.a.RequestMappingHandlerAdapter - Looking for @ControllerAdvice: org.springframework.boot.web.servlet.context.AnnotationConfigServletWebServerApplicationContext@2073b102: startup date [Mon Jul 09 08:47:57 CST 2018]; root of context hierarchy
08:48:17.099 logback [restartedMain] INFO  o.s.w.s.m.m.a.RequestMappingHandlerMapping - Mapped "{[/add]}" onto public java.lang.String com.sdgl.controller.one.onecontroller.sss()
08:48:17.102 logback [restartedMain] INFO  o.s.w.s.m.m.a.RequestMappingHandlerMapping - Mapped "{[/qq/ww]}" onto public java.lang.String com.sdgl.controller.set.AccountController.seleec()
08:48:17.104 logback [restartedMain] INFO  o.s.w.s.m.m.a.RequestMappingHandlerMapping - Mapped "{[/user/insert]}" onto public java.lang.String com.sdgl.controller.set.UserController.insert(com.sdgl.pojo.set.User)
08:48:17.108 logback [restartedMain] INFO  o.s.w.s.m.m.a.RequestMappingHandlerMapping - Mapped "{[/deleteHotelRelation]}" onto public java.lang.String com.sdgl.controller.suppliers.HotelController.deleteHotelRelation(com.sdgl.pojo.suppliers.Relation)
08:48:17.108 logback [restartedMain] INFO  o.s.w.s.m.m.a.RequestMappingHandlerMapping - Mapped "{[/updateHotelRelation]}" onto public java.lang.String com.sdgl.controller.suppliers.HotelController.updateHotelRelation(com.sdgl.pojo.suppliers.Relation)
08:48:17.108 logback [restartedMain] INFO  o.s.w.s.m.m.a.RequestMappingHandlerMapping - Mapped "{[/selectHotelRelation]}" onto public java.lang.String com.sdgl.controller.suppliers.HotelController.selectHotelRelation(com.sdgl.pojo.suppliers.Relation)
08:48:17.109 logback [restartedMain] INFO  o.s.w.s.m.m.a.RequestMappingHandlerMapping - Mapped "{[/hotelList]}" onto public java.lang.String com.sdgl.controller.suppliers.HotelController.selectAllHotel(com.sdgl.pojo.suppliers.Hotel,java.lang.Integer)
08:48:17.109 logback [restartedMain] INFO  o.s.w.s.m.m.a.RequestMappingHandlerMapping - Mapped "{[/hotelById]}" onto public java.lang.String com.sdgl.controller.suppliers.HotelController.selectHotelById(java.lang.Integer,javax.servlet.http.HttpSession)
08:48:17.110 logback [restartedMain] INFO  o.s.w.s.m.m.a.RequestMappingHandlerMapping - Mapped "{[/addHotel]}" onto public java.lang.String com.sdgl.controller.suppliers.HotelController.addHotel(com.sdgl.pojo.suppliers.Hotel)
08:48:17.110 logback [restartedMain] INFO  o.s.w.s.m.m.a.RequestMappingHandlerMapping - Mapped "{[/addImage]}" onto public java.lang.String com.sdgl.controller.suppliers.HotelController.addImage(java.lang.Integer,javax.servlet.http.HttpServletRequest)
08:48:17.110 logback [restartedMain] INFO  o.s.w.s.m.m.a.RequestMappingHandlerMapping - Mapped "{[/updateHotel]}" onto public java.lang.String com.sdgl.controller.suppliers.HotelController.updateHotel(com.sdgl.pojo.suppliers.Hotel)
08:48:17.111 logback [restartedMain] INFO  o.s.w.s.m.m.a.RequestMappingHandlerMapping - Mapped "{[/addHotelRelation]}" onto public java.lang.String com.sdgl.controller.suppliers.HotelController.addHotelRelation(com.sdgl.pojo.suppliers.Relation)
08:48:17.111 logback [restartedMain] INFO  o.s.w.s.m.m.a.RequestMappingHandlerMapping - Mapped "{[/addHotelPrice]}" onto public java.lang.String com.sdgl.controller.suppliers.HotelController.addHotelPrice(com.sdgl.pojo.suppliers.HotelPrice)
08:48:17.111 logback [restartedMain] INFO  o.s.w.s.m.m.a.RequestMappingHandlerMapping - Mapped "{[/deleteHotelPrice]}" onto public java.lang.String com.sdgl.controller.suppliers.HotelController.deleteHotelPrice(com.sdgl.pojo.suppliers.HotelPrice)
08:48:17.112 logback [restartedMain] INFO  o.s.w.s.m.m.a.RequestMappingHandlerMapping - Mapped "{[/updateHotelPrice]}" onto public java.lang.String com.sdgl.controller.suppliers.HotelController.updateHotelPrice(com.sdgl.pojo.suppliers.HotelPrice)
08:48:17.112 logback [restartedMain] INFO  o.s.w.s.m.m.a.RequestMappingHandlerMapping - Mapped "{[/selectHotelPrice]}" onto public java.lang.String com.sdgl.controller.suppliers.HotelController.selectHotelPrice(com.sdgl.pojo.suppliers.HotelPrice)
08:48:17.114 logback [restartedMain] INFO  o.s.w.s.m.m.a.RequestMappingHandlerMapping - Mapped "{[/restaurant_add.do]}" onto public java.lang.String com.sdgl.controller.suppliers.Page.restaurant_add()
08:48:17.114 logback [restartedMain] INFO  o.s.w.s.m.m.a.RequestMappingHandlerMapping - Mapped "{[/restaurant_info.do]}" onto public java.lang.String com.sdgl.controller.suppliers.Page.restaurant_info()
08:48:17.114 logback [restartedMain] INFO  o.s.w.s.m.m.a.RequestMappingHandlerMapping - Mapped "{[/agency_add.do]}" onto public java.lang.String com.sdgl.controller.suppliers.Page.agency_add()
08:48:17.115 logback [restartedMain] INFO  o.s.w.s.m.m.a.RequestMappingHandlerMapping - Mapped "{[/bus_fleet_add.do]}" onto public java.lang.String com.sdgl.controller.suppliers.Page.bus_fleet_add()
08:48:17.115 logback [restartedMain] INFO  o.s.w.s.m.m.a.RequestMappingHandlerMapping - Mapped "{[/agency_info.do]}" onto public java.lang.String com.sdgl.controller.suppliers.Page.agency_info()
08:48:17.115 logback [restartedMain] INFO  o.s.w.s.m.m.a.RequestMappingHandlerMapping - Mapped "{[/bus_fleet_info.do]}" onto public java.lang.String com.sdgl.controller.suppliers.Page.bus_fleet_info()
08:48:17.115 logback [restartedMain] INFO  o.s.w.s.m.m.a.RequestMappingHandlerMapping - Mapped "{[/product_add.do]}" onto public java.lang.String com.sdgl.controller.suppliers.Page.product_add()
08:48:17.116 logback [restartedMain] INFO  o.s.w.s.m.m.a.RequestMappingHandlerMapping - Mapped "{[/product_info.do]}" onto public java.lang.String com.sdgl.controller.suppliers.Page.product_info()
08:48:17.116 logback [restartedMain] INFO  o.s.w.s.m.m.a.RequestMappingHandlerMapping - Mapped "{[/hotel_add.do]}" onto public java.lang.String com.sdgl.controller.suppliers.Page.hotel_add()
08:48:17.116 logback [restartedMain] INFO  o.s.w.s.m.m.a.RequestMappingHandlerMapping - Mapped "{[/hotel_show.do]}" onto public java.lang.String com.sdgl.controller.suppliers.Page.hotel_show()
08:48:17.117 logback [restartedMain] INFO  o.s.w.s.m.m.a.RequestMappingHandlerMapping - Mapped "{[/ticket_add.do]}" onto public java.lang.String com.sdgl.controller.suppliers.Page.ticket_add()
08:48:17.117 logback [restartedMain] INFO  o.s.w.s.m.m.a.RequestMappingHandlerMapping - Mapped "{[/ticket_info]}" onto public java.lang.String com.sdgl.controller.suppliers.Page.ticket_info()
08:48:17.117 logback [restartedMain] INFO  o.s.w.s.m.m.a.RequestMappingHandlerMapping - Mapped "{[/ticketing_add.do]}" onto public java.lang.String com.sdgl.controller.suppliers.Page.ticketing_add()
08:48:17.117 logback [restartedMain] INFO  o.s.w.s.m.m.a.RequestMappingHandlerMapping - Mapped "{[/ticketing_info.do]}" onto public java.lang.String com.sdgl.controller.suppliers.Page.ticketing_info()
08:48:17.119 logback [restartedMain] INFO  o.s.w.s.m.m.a.RequestMappingHandlerMapping - Mapped "{[/wrd_upload]}" onto public java.lang.Object com.sdgl.controller.suppliers.PaiowuController_wrd.add_wrd(com.sdgl.pojo.suppliers.Ticketing)
08:48:17.120 logback [restartedMain] INFO  o.s.w.s.m.m.a.RequestMappingHandlerMapping - Mapped "{[/cha_wrd],methods=[POST]}" onto public java.lang.String com.sdgl.controller.suppliers.PaiowuController_wrd.cha_wrd()
08:48:17.121 logback [restartedMain] INFO  o.s.w.s.m.m.a.RequestMappingHandlerMapping - Mapped "{[/canting]}" onto public java.lang.String com.sdgl.controller.suppliers.TestXu.canting()
08:48:17.121 logback [restartedMain] INFO  o.s.w.s.m.m.a.RequestMappingHandlerMapping - Mapped "{[/chedui]}" onto public java.lang.String com.sdgl.controller.suppliers.TestXu.chedui()
08:48:17.121 logback [restartedMain] INFO  o.s.w.s.m.m.a.RequestMappingHandlerMapping - Mapped "{[/dijieshe]}" onto public java.lang.String com.sdgl.controller.suppliers.TestXu.dijieshe()
08:48:17.122 logback [restartedMain] INFO  o.s.w.s.m.m.a.RequestMappingHandlerMapping - Mapped "{[/gouwu]}" onto public java.lang.String com.sdgl.controller.suppliers.TestXu.gouwu()
08:48:17.122 logback [restartedMain] INFO  o.s.w.s.m.m.a.RequestMappingHandlerMapping - Mapped "{[/jiudian]}" onto public java.lang.String com.sdgl.controller.suppliers.TestXu.jiudian()
08:48:17.122 logback [restartedMain] INFO  o.s.w.s.m.m.a.RequestMappingHandlerMapping - Mapped "{[/menpiao]}" onto public java.lang.String com.sdgl.controller.suppliers.TestXu.menpiao()
08:48:17.122 logback [restartedMain] INFO  o.s.w.s.m.m.a.RequestMappingHandlerMapping - Mapped "{[/piaowu]}" onto public java.lang.String com.sdgl.controller.suppliers.TestXu.piaowu()
08:48:17.123 logback [restartedMain] INFO  o.s.w.s.m.m.a.RequestMappingHandlerMapping - Mapped "{[/relationuploadimg],methods=[POST]}" onto public int com.sdgl.controller.suppliersfei.ImagesController.relationuploadimg(org.springframework.web.multipart.MultipartFile,javax.servlet.http.HttpServletRequest)
08:48:17.123 logback [restartedMain] INFO  o.s.w.s.m.m.a.RequestMappingHandlerMapping - Mapped "{[/selectImgByOtherId],methods=[POST]}" onto public java.util.List<com.sdgl.pojo.suppliersfei.Images> com.sdgl.controller.suppliersfei.ImagesController.selectImgByOtherId(java.lang.Integer)
08:48:17.124 logback [restartedMain] INFO  o.s.w.s.m.m.a.RequestMappingHandlerMapping - Mapped "{[/updaterelationbyid],methods=[POST]}" onto public int com.sdgl.controller.suppliersfei.RelationController.updaterelationbyid(com.sdgl.pojo.suppliersfei.Relations)
08:48:17.125 logback [restartedMain] INFO  o.s.w.s.m.m.a.RequestMappingHandlerMapping - Mapped "{[/insertrelation],methods=[POST]}" onto public java.lang.String com.sdgl.controller.suppliersfei.RelationController.insertrelation(com.sdgl.pojo.suppliersfei.Relations)
08:48:17.125 logback [restartedMain] INFO  o.s.w.s.m.m.a.RequestMappingHandlerMapping - Mapped "{[/deletebyrelaid],methods=[POST]}" onto public int com.sdgl.controller.suppliersfei.RelationController.deletebyrelaid(com.sdgl.pojo.suppliersfei.Relations)
08:48:17.127 logback [restartedMain] INFO  o.s.w.s.m.m.a.RequestMappingHandlerMapping - Mapped "{[/selectTicketsById],methods=[POST]}" onto public com.sdgl.pojo.suppliersfei.Tickets com.sdgl.controller.suppliersfei.TicketController.selectTicketsById(java.lang.Integer)
08:48:17.127 logback [restartedMain] INFO  o.s.w.s.m.m.a.RequestMappingHandlerMapping - Mapped "{[/selectAllTickets],methods=[POST]}" onto public java.util.List<com.sdgl.pojo.suppliersfei.AllTickets> com.sdgl.controller.suppliersfei.TicketController.selectAllTickets(com.sdgl.pojo.suppliersfei.Tickets,java.lang.Integer,java.lang.Integer,javax.servlet.http.HttpServletRequest,java.lang.String)
08:48:17.127 logback [restartedMain] INFO  o.s.w.s.m.m.a.RequestMappingHandlerMapping - Mapped "{[/addTickets],methods=[POST]}" onto public java.lang.String com.sdgl.controller.suppliersfei.TicketController.addTickets(com.sdgl.pojo.suppliersfei.Tickets)
08:48:17.128 logback [restartedMain] INFO  o.s.w.s.m.m.a.RequestMappingHandlerMapping - Mapped "{[/deletebyfareid],methods=[POST]}" onto public int com.sdgl.controller.suppliersfei.TicketFareController.deletebyfareid(java.lang.Integer)
08:48:17.129 logback [restartedMain] INFO  o.s.w.s.m.m.a.RequestMappingHandlerMapping - Mapped "{[/insertTicketFare],methods=[POST]}" onto public int com.sdgl.controller.suppliersfei.TicketFareController.insertTicketFare(com.sdgl.pojo.suppliersfei.TicketFares)
08:48:17.129 logback [restartedMain] INFO  o.s.w.s.m.m.a.RequestMappingHandlerMapping - Mapped "{[/updateTicketFare],methods=[POST]}" onto public int com.sdgl.controller.suppliersfei.TicketFareController.updateTicketFare(com.sdgl.pojo.suppliersfei.TicketFares)
08:48:17.130 logback [restartedMain] INFO  o.s.w.s.m.m.a.RequestMappingHandlerMapping - Mapped "{[/goTicketAdd/{id}]}" onto public java.lang.String com.sdgl.controller.suppliersfei.TicketPageController.goTicketAdd()
08:48:17.130 logback [restartedMain] INFO  o.s.w.s.m.m.a.RequestMappingHandlerMapping - Mapped "{[/goTicketInfo/{id}]}" onto public java.lang.String com.sdgl.controller.suppliersfei.TicketPageController.goTicketInfo()
08:48:17.133 logback [restartedMain] INFO  o.s.w.s.m.m.a.RequestMappingHandlerMapping - Mapped "{[/error]}" onto public org.springframework.http.ResponseEntity<java.util.Map<java.lang.String, java.lang.Object>> org.springframework.boot.autoconfigure.web.servlet.error.BasicErrorController.error(javax.servlet.http.HttpServletRequest)
08:48:17.133 logback [restartedMain] INFO  o.s.w.s.m.m.a.RequestMappingHandlerMapping - Mapped "{[/error],produces=[text/html]}" onto public org.springframework.web.servlet.ModelAndView org.springframework.boot.autoconfigure.web.servlet.error.BasicErrorController.errorHtml(javax.servlet.http.HttpServletRequest,javax.servlet.http.HttpServletResponse)
08:48:17.183 logback [restartedMain] INFO  o.s.w.s.h.SimpleUrlHandlerMapping - Mapped URL path [/webjars/**] onto handler of type [class org.springframework.web.servlet.resource.ResourceHttpRequestHandler]
08:48:17.183 logback [restartedMain] INFO  o.s.w.s.h.SimpleUrlHandlerMapping - Mapped URL path [/**] onto handler of type [class org.springframework.web.servlet.resource.ResourceHttpRequestHandler]
08:48:20.014 logback [restartedMain] INFO  o.s.w.s.v.f.FreeMarkerConfigurer - ClassTemplateLoader for Spring macros added to FreeMarker configuration
08:48:20.619 logback [restartedMain] INFO  o.s.b.d.a.OptionalLiveReloadServer - LiveReload server is running on port 35729
08:48:20.684 logback [restartedMain] INFO  o.s.j.e.a.AnnotationMBeanExporter - Registering beans for JMX exposure on startup
08:48:20.685 logback [restartedMain] INFO  o.s.j.e.a.AnnotationMBeanExporter - Bean with name 'dataSource' has been autodetected for JMX exposure
08:48:20.692 logback [restartedMain] INFO  o.s.j.e.a.AnnotationMBeanExporter - Located MBean 'dataSource': registering with JMX server as MBean [com.alibaba.druid.pool:name=dataSource,type=DruidDataSource]
08:48:20.759 logback [restartedMain] INFO  o.a.coyote.http11.Http11NioProtocol - Starting ProtocolHandler ["http-nio-8080"]
08:48:20.774 logback [restartedMain] INFO  o.a.tomcat.util.net.NioSelectorPool - Using a shared selector for servlet write/read
08:48:20.995 logback [restartedMain] INFO  o.s.b.w.e.tomcat.TomcatWebServer - Tomcat started on port(s): 8080 (http) with context path ''
08:48:21.000 logback [restartedMain] INFO  com.sdgl.Application - Started Application in 27.283 seconds (JVM running for 32.419)
08:49:27.897 logback [http-nio-8080-exec-1] INFO  o.a.c.c.C.[Tomcat].[localhost].[/] - Initializing Spring FrameworkServlet 'dispatcherServlet'
08:49:27.897 logback [http-nio-8080-exec-1] INFO  o.s.web.servlet.DispatcherServlet - FrameworkServlet 'dispatcherServlet': initialization started
08:49:27.953 logback [http-nio-8080-exec-1] INFO  o.s.web.servlet.DispatcherServlet - FrameworkServlet 'dispatcherServlet': initialization completed in 56 ms
08:54:12.854 logback [restartedMain] INFO  com.sdgl.Application - Starting Application on SZX with PID 11164 (E:\UB\tourism\target\classes started by Administrator in E:\UB\tourism)
08:54:12.859 logback [restartedMain] INFO  com.sdgl.Application - No active profile set, falling back to default profiles: default
08:54:12.940 logback [restartedMain] INFO  o.s.b.w.s.c.AnnotationConfigServletWebServerApplicationContext - Refreshing org.springframework.boot.web.servlet.context.AnnotationConfigServletWebServerApplicationContext@2073b102: startup date [Mon Jul 09 08:54:12 CST 2018]; root of context hierarchy
08:54:13.983 logback [restartedMain] INFO  o.s.d.r.c.RepositoryConfigurationDelegate - Multiple Spring Data modules found, entering strict repository configuration mode!
08:54:14.516 logback [restartedMain] INFO  o.s.c.s.PostProcessorRegistrationDelegate$BeanPostProcessorChecker - Bean 'org.springframework.transaction.annotation.ProxyTransactionManagementConfiguration' of type [org.springframework.transaction.annotation.ProxyTransactionManagementConfiguration$$EnhancerBySpringCGLIB$$e2bf2a6] is not eligible for getting processed by all BeanPostProcessors (for example: not eligible for auto-proxying)
08:54:15.070 logback [restartedMain] INFO  o.s.b.w.e.tomcat.TomcatWebServer - Tomcat initialized with port(s): 8080 (http)
08:54:15.085 logback [restartedMain] INFO  o.a.coyote.http11.Http11NioProtocol - Initializing ProtocolHandler ["http-nio-8080"]
08:54:15.097 logback [restartedMain] INFO  o.a.catalina.core.StandardService - Starting service [Tomcat]
08:54:15.098 logback [restartedMain] INFO  o.a.catalina.core.StandardEngine - Starting Servlet Engine: Apache Tomcat/8.5.29
08:54:15.102 logback [localhost-startStop-1] INFO  o.a.c.core.AprLifecycleListener - The APR based Apache Tomcat Native library which allows optimal performance in production environments was not found on the java.library.path: [C:\Program Files\Java\jdk1.8.0_171\bin;C:\Windows\Sun\Java\bin;C:\Windows\system32;C:\Windows;C:\Program Files (x86)\Common Files\Oracle\Java\javapath;E:\app\Administrator\product\11.2.0\dbhome_1\bin;C:\Program Files\Common Files\Microsoft Shared\Windows Live;C:\ProgramData\Oracle\Java\javapath;C:\Windows\system32;C:\Windows;C:\Windows\System32\Wbem;C:\Windows\System32\WindowsPowerShell\v1.0\;C:\Program Files (x86)\NVIDIA Corporation\PhysX\Common;C:\Program Files (x86)\QuickTime\QTSystem\;D:\Qiyi\java\jdk1.7.0_51\bin;D:\Qiyi\java\jdk1.7.0_51\jre\bin;E:\UB\open\OpenVPN\bin;D:\Qiyi\新建文件夹 (2)\apache-tomcat-7.0.47\bin;C:\P;ogram Files\TortoiseSVN\bin;E:\maven\bin;E:\MongoDB\bin;E:\UB\Git\cmd;C:\Program Files\Common Files\Microsoft Shared\Windows Live;.]
08:54:15.338 logback [localhost-startStop-1] INFO  o.a.c.c.C.[Tomcat].[localhost].[/] - Initializing Spring embedded WebApplicationContext
08:54:15.339 logback [localhost-startStop-1] INFO  o.s.web.context.ContextLoader - Root WebApplicationContext: initialization completed in 2400 ms
08:54:15.565 logback [localhost-startStop-1] INFO  o.s.b.w.s.ServletRegistrationBean - Servlet dispatcherServlet mapped to [/]
08:54:15.571 logback [localhost-startStop-1] INFO  o.s.b.w.s.FilterRegistrationBean - Mapping filter: 'characterEncodingFilter' to: [/*]
08:54:15.572 logback [localhost-startStop-1] INFO  o.s.b.w.s.FilterRegistrationBean - Mapping filter: 'hiddenHttpMethodFilter' to: [/*]
08:54:15.572 logback [localhost-startStop-1] INFO  o.s.b.w.s.FilterRegistrationBean - Mapping filter: 'httpPutFormContentFilter' to: [/*]
08:54:15.572 logback [localhost-startStop-1] INFO  o.s.b.w.s.FilterRegistrationBean - Mapping filter: 'requestContextFilter' to: [/*]
08:54:16.405 logback [restartedMain] INFO  o.s.w.s.h.SimpleUrlHandlerMapping - Mapped URL path [/**/favicon.ico] onto handler of type [class org.springframework.web.servlet.resource.ResourceHttpRequestHandler]
08:54:16.802 logback [restartedMain] INFO  o.s.w.s.m.m.a.RequestMappingHandlerAdapter - Looking for @ControllerAdvice: org.springframework.boot.web.servlet.context.AnnotationConfigServletWebServerApplicationContext@2073b102: startup date [Mon Jul 09 08:54:12 CST 2018]; root of context hierarchy
08:54:16.870 logback [restartedMain] INFO  o.s.w.s.m.m.a.RequestMappingHandlerMapping - Mapped "{[/addcar]}" onto public java.lang.String com.sdgl.controller.one.onecontroller.sss()
08:54:16.871 logback [restartedMain] INFO  o.s.w.s.m.m.a.RequestMappingHandlerMapping - Mapped "{[/adjustment]}" onto public java.lang.String com.sdgl.controller.one.onecontroller.ssa()
08:54:16.872 logback [restartedMain] INFO  o.s.w.s.m.m.a.RequestMappingHandlerMapping - Mapped "{[/addgroup]}" onto public java.lang.String com.sdgl.controller.one.onecontroller.ssc()
08:54:16.872 logback [restartedMain] INFO  o.s.w.s.m.m.a.RequestMappingHandlerMapping - Mapped "{[/car]}" onto public java.lang.String com.sdgl.controller.one.onecontroller.ssv()
08:54:16.872 logback [restartedMain] INFO  o.s.w.s.m.m.a.RequestMappingHandlerMapping - Mapped "{[/details]}" onto public java.lang.String com.sdgl.controller.one.onecontroller.ssb()
08:54:16.873 logback [restartedMain] INFO  o.s.w.s.m.m.a.RequestMappingHandlerMapping - Mapped "{[/rili]}" onto public java.lang.String com.sdgl.controller.one.onecontroller.ssn()
08:54:16.873 logback [restartedMain] INFO  o.s.w.s.m.m.a.RequestMappingHandlerMapping - Mapped "{[/sss]}" onto public java.lang.String com.sdgl.controller.one.onecontroller.ssm()
08:54:16.873 logback [restartedMain] INFO  o.s.w.s.m.m.a.RequestMappingHandlerMapping - Mapped "{[/Untitled-1]}" onto public java.lang.String com.sdgl.controller.one.onecontroller.ssu()
08:54:16.875 logback [restartedMain] INFO  o.s.w.s.m.m.a.RequestMappingHandlerMapping - Mapped "{[/qq/ww]}" onto public java.lang.String com.sdgl.controller.set.AccountController.seleec()
08:54:16.877 logback [restartedMain] INFO  o.s.w.s.m.m.a.RequestMappingHandlerMapping - Mapped "{[/user/insert]}" onto public java.lang.String com.sdgl.controller.set.UserController.insert(com.sdgl.pojo.set.User)
08:54:16.880 logback [restartedMain] INFO  o.s.w.s.m.m.a.RequestMappingHandlerMapping - Mapped "{[/deleteHotelRelation]}" onto public java.lang.String com.sdgl.controller.suppliers.HotelController.deleteHotelRelation(com.sdgl.pojo.suppliers.Relation)
08:54:16.881 logback [restartedMain] INFO  o.s.w.s.m.m.a.RequestMappingHandlerMapping - Mapped "{[/updateHotelRelation]}" onto public java.lang.String com.sdgl.controller.suppliers.HotelController.updateHotelRelation(com.sdgl.pojo.suppliers.Relation)
08:54:16.881 logback [restartedMain] INFO  o.s.w.s.m.m.a.RequestMappingHandlerMapping - Mapped "{[/selectHotelRelation]}" onto public java.lang.String com.sdgl.controller.suppliers.HotelController.selectHotelRelation(com.sdgl.pojo.suppliers.Relation)
08:54:16.882 logback [restartedMain] INFO  o.s.w.s.m.m.a.RequestMappingHandlerMapping - Mapped "{[/hotelList]}" onto public java.lang.String com.sdgl.controller.suppliers.HotelController.selectAllHotel(com.sdgl.pojo.suppliers.Hotel,java.lang.Integer)
08:54:16.882 logback [restartedMain] INFO  o.s.w.s.m.m.a.RequestMappingHandlerMapping - Mapped "{[/hotelById]}" onto public java.lang.String com.sdgl.controller.suppliers.HotelController.selectHotelById(java.lang.Integer,javax.servlet.http.HttpSession)
08:54:16.882 logback [restartedMain] INFO  o.s.w.s.m.m.a.RequestMappingHandlerMapping - Mapped "{[/addHotel]}" onto public java.lang.String com.sdgl.controller.suppliers.HotelController.addHotel(com.sdgl.pojo.suppliers.Hotel)
08:54:16.883 logback [restartedMain] INFO  o.s.w.s.m.m.a.RequestMappingHandlerMapping - Mapped "{[/addImage]}" onto public java.lang.String com.sdgl.controller.suppliers.HotelController.addImage(java.lang.Integer,javax.servlet.http.HttpServletRequest)
08:54:16.883 logback [restartedMain] INFO  o.s.w.s.m.m.a.RequestMappingHandlerMapping - Mapped "{[/updateHotel]}" onto public java.lang.String com.sdgl.controller.suppliers.HotelController.updateHotel(com.sdgl.pojo.suppliers.Hotel)
08:54:16.883 logback [restartedMain] INFO  o.s.w.s.m.m.a.RequestMappingHandlerMapping - Mapped "{[/addHotelRelation]}" onto public java.lang.String com.sdgl.controller.suppliers.HotelController.addHotelRelation(com.sdgl.pojo.suppliers.Relation)
08:54:16.884 logback [restartedMain] INFO  o.s.w.s.m.m.a.RequestMappingHandlerMapping - Mapped "{[/addHotelPrice]}" onto public java.lang.String com.sdgl.controller.suppliers.HotelController.addHotelPrice(com.sdgl.pojo.suppliers.HotelPrice)
08:54:16.884 logback [restartedMain] INFO  o.s.w.s.m.m.a.RequestMappingHandlerMapping - Mapped "{[/deleteHotelPrice]}" onto public java.lang.String com.sdgl.controller.suppliers.HotelController.deleteHotelPrice(com.sdgl.pojo.suppliers.HotelPrice)
08:54:16.885 logback [restartedMain] INFO  o.s.w.s.m.m.a.RequestMappingHandlerMapping - Mapped "{[/updateHotelPrice]}" onto public java.lang.String com.sdgl.controller.suppliers.HotelController.updateHotelPrice(com.sdgl.pojo.suppliers.HotelPrice)
08:54:16.885 logback [restartedMain] INFO  o.s.w.s.m.m.a.RequestMappingHandlerMapping - Mapped "{[/selectHotelPrice]}" onto public java.lang.String com.sdgl.controller.suppliers.HotelController.selectHotelPrice(com.sdgl.pojo.suppliers.HotelPrice)
08:54:16.886 logback [restartedMain] INFO  o.s.w.s.m.m.a.RequestMappingHandlerMapping - Mapped "{[/restaurant_add.do]}" onto public java.lang.String com.sdgl.controller.suppliers.Page.restaurant_add()
08:54:16.887 logback [restartedMain] INFO  o.s.w.s.m.m.a.RequestMappingHandlerMapping - Mapped "{[/restaurant_info.do]}" onto public java.lang.String com.sdgl.controller.suppliers.Page.restaurant_info()
08:54:16.887 logback [restartedMain] INFO  o.s.w.s.m.m.a.RequestMappingHandlerMapping - Mapped "{[/agency_add.do]}" onto public java.lang.String com.sdgl.controller.suppliers.Page.agency_add()
08:54:16.887 logback [restartedMain] INFO  o.s.w.s.m.m.a.RequestMappingHandlerMapping - Mapped "{[/bus_fleet_add.do]}" onto public java.lang.String com.sdgl.controller.suppliers.Page.bus_fleet_add()
08:54:16.888 logback [restartedMain] INFO  o.s.w.s.m.m.a.RequestMappingHandlerMapping - Mapped "{[/agency_info.do]}" onto public java.lang.String com.sdgl.controller.suppliers.Page.agency_info()
08:54:16.888 logback [restartedMain] INFO  o.s.w.s.m.m.a.RequestMappingHandlerMapping - Mapped "{[/bus_fleet_info.do]}" onto public java.lang.String com.sdgl.controller.suppliers.Page.bus_fleet_info()
08:54:16.888 logback [restartedMain] INFO  o.s.w.s.m.m.a.RequestMappingHandlerMapping - Mapped "{[/product_add.do]}" onto public java.lang.String com.sdgl.controller.suppliers.Page.product_add()
08:54:16.888 logback [restartedMain] INFO  o.s.w.s.m.m.a.RequestMappingHandlerMapping - Mapped "{[/product_info.do]}" onto public java.lang.String com.sdgl.controller.suppliers.Page.product_info()
08:54:16.888 logback [restartedMain] INFO  o.s.w.s.m.m.a.RequestMappingHandlerMapping - Mapped "{[/hotel_add.do]}" onto public java.lang.String com.sdgl.controller.suppliers.Page.hotel_add()
08:54:16.889 logback [restartedMain] INFO  o.s.w.s.m.m.a.RequestMappingHandlerMapping - Mapped "{[/hotel_show.do]}" onto public java.lang.String com.sdgl.controller.suppliers.Page.hotel_show()
08:54:16.889 logback [restartedMain] INFO  o.s.w.s.m.m.a.RequestMappingHandlerMapping - Mapped "{[/ticket_add.do]}" onto public java.lang.String com.sdgl.controller.suppliers.Page.ticket_add()
08:54:16.889 logback [restartedMain] INFO  o.s.w.s.m.m.a.RequestMappingHandlerMapping - Mapped "{[/ticket_info]}" onto public java.lang.String com.sdgl.controller.suppliers.Page.ticket_info()
08:54:16.889 logback [restartedMain] INFO  o.s.w.s.m.m.a.RequestMappingHandlerMapping - Mapped "{[/ticketing_add.do]}" onto public java.lang.String com.sdgl.controller.suppliers.Page.ticketing_add()
08:54:16.890 logback [restartedMain] INFO  o.s.w.s.m.m.a.RequestMappingHandlerMapping - Mapped "{[/ticketing_info.do]}" onto public java.lang.String com.sdgl.controller.suppliers.Page.ticketing_info()
08:54:16.892 logback [restartedMain] INFO  o.s.w.s.m.m.a.RequestMappingHandlerMapping - Mapped "{[/wrd_upload]}" onto public java.lang.Object com.sdgl.controller.suppliers.PaiowuController_wrd.add_wrd(com.sdgl.pojo.suppliers.Ticketing)
08:54:16.893 logback [restartedMain] INFO  o.s.w.s.m.m.a.RequestMappingHandlerMapping - Mapped "{[/cha_wrd],methods=[POST]}" onto public java.lang.String com.sdgl.controller.suppliers.PaiowuController_wrd.cha_wrd()
08:54:16.894 logback [restartedMain] INFO  o.s.w.s.m.m.a.RequestMappingHandlerMapping - Mapped "{[/canting]}" onto public java.lang.String com.sdgl.controller.suppliers.TestXu.canting()
08:54:16.894 logback [restartedMain] INFO  o.s.w.s.m.m.a.RequestMappingHandlerMapping - Mapped "{[/chedui]}" onto public java.lang.String com.sdgl.controller.suppliers.TestXu.chedui()
08:54:16.894 logback [restartedMain] INFO  o.s.w.s.m.m.a.RequestMappingHandlerMapping - Mapped "{[/dijieshe]}" onto public java.lang.String com.sdgl.controller.suppliers.TestXu.dijieshe()
08:54:16.895 logback [restartedMain] INFO  o.s.w.s.m.m.a.RequestMappingHandlerMapping - Mapped "{[/gouwu]}" onto public java.lang.String com.sdgl.controller.suppliers.TestXu.gouwu()
08:54:16.895 logback [restartedMain] INFO  o.s.w.s.m.m.a.RequestMappingHandlerMapping - Mapped "{[/jiudian]}" onto public java.lang.String com.sdgl.controller.suppliers.TestXu.jiudian()
08:54:16.895 logback [restartedMain] INFO  o.s.w.s.m.m.a.RequestMappingHandlerMapping - Mapped "{[/menpiao]}" onto public java.lang.String com.sdgl.controller.suppliers.TestXu.menpiao()
08:54:16.895 logback [restartedMain] INFO  o.s.w.s.m.m.a.RequestMappingHandlerMapping - Mapped "{[/piaowu]}" onto public java.lang.String com.sdgl.controller.suppliers.TestXu.piaowu()
08:54:16.897 logback [restartedMain] INFO  o.s.w.s.m.m.a.RequestMappingHandlerMapping - Mapped "{[/relationuploadimg],methods=[POST]}" onto public int com.sdgl.controller.suppliersfei.ImagesController.relationuploadimg(org.springframework.web.multipart.MultipartFile,javax.servlet.http.HttpServletRequest)
08:54:16.897 logback [restartedMain] INFO  o.s.w.s.m.m.a.RequestMappingHandlerMapping - Mapped "{[/selectImgByOtherId],methods=[POST]}" onto public java.util.List<com.sdgl.pojo.suppliersfei.Images> com.sdgl.controller.suppliersfei.ImagesController.selectImgByOtherId(java.lang.Integer)
08:54:16.898 logback [restartedMain] INFO  o.s.w.s.m.m.a.RequestMappingHandlerMapping - Mapped "{[/updaterelationbyid],methods=[POST]}" onto public int com.sdgl.controller.suppliersfei.RelationController.updaterelationbyid(com.sdgl.pojo.suppliersfei.Relations)
08:54:16.899 logback [restartedMain] INFO  o.s.w.s.m.m.a.RequestMappingHandlerMapping - Mapped "{[/insertrelation],methods=[POST]}" onto public java.lang.String com.sdgl.controller.suppliersfei.RelationController.insertrelation(com.sdgl.pojo.suppliersfei.Relations)
08:54:16.899 logback [restartedMain] INFO  o.s.w.s.m.m.a.RequestMappingHandlerMapping - Mapped "{[/deletebyrelaid],methods=[POST]}" onto public int com.sdgl.controller.suppliersfei.RelationController.deletebyrelaid(com.sdgl.pojo.suppliersfei.Relations)
08:54:16.900 logback [restartedMain] INFO  o.s.w.s.m.m.a.RequestMappingHandlerMapping - Mapped "{[/selectTicketsById],methods=[POST]}" onto public com.sdgl.pojo.suppliersfei.Tickets com.sdgl.controller.suppliersfei.TicketController.selectTicketsById(java.lang.Integer)
08:54:16.901 logback [restartedMain] INFO  o.s.w.s.m.m.a.RequestMappingHandlerMapping - Mapped "{[/selectAllTickets],methods=[POST]}" onto public java.util.List<com.sdgl.pojo.suppliersfei.AllTickets> com.sdgl.controller.suppliersfei.TicketController.selectAllTickets(com.sdgl.pojo.suppliersfei.Tickets,java.lang.Integer,java.lang.Integer,javax.servlet.http.HttpServletRequest,java.lang.String)
08:54:16.901 logback [restartedMain] INFO  o.s.w.s.m.m.a.RequestMappingHandlerMapping - Mapped "{[/addTickets],methods=[POST]}" onto public java.lang.String com.sdgl.controller.suppliersfei.TicketController.addTickets(com.sdgl.pojo.suppliersfei.Tickets)
08:54:16.902 logback [restartedMain] INFO  o.s.w.s.m.m.a.RequestMappingHandlerMapping - Mapped "{[/deletebyfareid],methods=[POST]}" onto public int com.sdgl.controller.suppliersfei.TicketFareController.deletebyfareid(java.lang.Integer)
08:54:16.902 logback [restartedMain] INFO  o.s.w.s.m.m.a.RequestMappingHandlerMapping - Mapped "{[/insertTicketFare],methods=[POST]}" onto public int com.sdgl.controller.suppliersfei.TicketFareController.insertTicketFare(com.sdgl.pojo.suppliersfei.TicketFares)
08:54:16.903 logback [restartedMain] INFO  o.s.w.s.m.m.a.RequestMappingHandlerMapping - Mapped "{[/updateTicketFare],methods=[POST]}" onto public int com.sdgl.controller.suppliersfei.TicketFareController.updateTicketFare(com.sdgl.pojo.suppliersfei.TicketFares)
08:54:16.903 logback [restartedMain] INFO  o.s.w.s.m.m.a.RequestMappingHandlerMapping - Mapped "{[/goTicketAdd/{id}]}" onto public java.lang.String com.sdgl.controller.suppliersfei.TicketPageController.goTicketAdd()
08:54:16.903 logback [restartedMain] INFO  o.s.w.s.m.m.a.RequestMappingHandlerMapping - Mapped "{[/goTicketInfo/{id}]}" onto public java.lang.String com.sdgl.controller.suppliersfei.TicketPageController.goTicketInfo()
08:54:16.906 logback [restartedMain] INFO  o.s.w.s.m.m.a.RequestMappingHandlerMapping - Mapped "{[/error]}" onto public org.springframework.http.ResponseEntity<java.util.Map<java.lang.String, java.lang.Object>> org.springframework.boot.autoconfigure.web.servlet.error.BasicErrorController.error(javax.servlet.http.HttpServletRequest)
08:54:16.907 logback [restartedMain] INFO  o.s.w.s.m.m.a.RequestMappingHandlerMapping - Mapped "{[/error],produces=[text/html]}" onto public org.springframework.web.servlet.ModelAndView org.springframework.boot.autoconfigure.web.servlet.error.BasicErrorController.errorHtml(javax.servlet.http.HttpServletRequest,javax.servlet.http.HttpServletResponse)
08:54:16.956 logback [restartedMain] INFO  o.s.w.s.h.SimpleUrlHandlerMapping - Mapped URL path [/webjars/**] onto handler of type [class org.springframework.web.servlet.resource.ResourceHttpRequestHandler]
08:54:16.956 logback [restartedMain] INFO  o.s.w.s.h.SimpleUrlHandlerMapping - Mapped URL path [/**] onto handler of type [class org.springframework.web.servlet.resource.ResourceHttpRequestHandler]
08:54:17.722 logback [restartedMain] INFO  o.s.w.s.v.f.FreeMarkerConfigurer - ClassTemplateLoader for Spring macros added to FreeMarker configuration
08:54:18.048 logback [restartedMain] INFO  o.s.b.d.a.OptionalLiveReloadServer - LiveReload server is running on port 35729
08:54:18.103 logback [restartedMain] INFO  o.s.j.e.a.AnnotationMBeanExporter - Registering beans for JMX exposure on startup
08:54:18.106 logback [restartedMain] INFO  o.s.j.e.a.AnnotationMBeanExporter - Bean with name 'dataSource' has been autodetected for JMX exposure
08:54:18.115 logback [restartedMain] INFO  o.s.j.e.a.AnnotationMBeanExporter - Located MBean 'dataSource': registering with JMX server as MBean [com.alibaba.druid.pool:name=dataSource,type=DruidDataSource]
08:54:18.131 logback [restartedMain] INFO  o.a.coyote.http11.Http11NioProtocol - Starting ProtocolHandler ["http-nio-8080"]
08:54:18.147 logback [restartedMain] INFO  o.a.tomcat.util.net.NioSelectorPool - Using a shared selector for servlet write/read
08:54:18.170 logback [restartedMain] INFO  o.s.b.w.e.tomcat.TomcatWebServer - Tomcat started on port(s): 8080 (http) with context path ''
08:54:18.176 logback [restartedMain] INFO  com.sdgl.Application - Started Application in 6.079 seconds (JVM running for 7.788)
08:54:32.155 logback [http-nio-8080-exec-1] INFO  o.a.c.c.C.[Tomcat].[localhost].[/] - Initializing Spring FrameworkServlet 'dispatcherServlet'
08:54:32.156 logback [http-nio-8080-exec-1] INFO  o.s.web.servlet.DispatcherServlet - FrameworkServlet 'dispatcherServlet': initialization started
08:54:32.190 logback [http-nio-8080-exec-1] INFO  o.s.web.servlet.DispatcherServlet - FrameworkServlet 'dispatcherServlet': initialization completed in 34 ms
09:15:52.535 logback [restartedMain] INFO  com.sdgl.Application - Starting Application on SZX with PID 5688 (E:\UB\tourism\target\classes started by Administrator in E:\UB\tourism)
09:15:52.537 logback [restartedMain] INFO  com.sdgl.Application - No active profile set, falling back to default profiles: default
09:15:52.669 logback [restartedMain] INFO  o.s.b.w.s.c.AnnotationConfigServletWebServerApplicationContext - Refreshing org.springframework.boot.web.servlet.context.AnnotationConfigServletWebServerApplicationContext@3d33ba8b: startup date [Mon Jul 09 09:15:52 CST 2018]; root of context hierarchy
09:15:53.710 logback [restartedMain] INFO  o.s.d.r.c.RepositoryConfigurationDelegate - Multiple Spring Data modules found, entering strict repository configuration mode!
09:15:54.254 logback [restartedMain] INFO  o.s.c.s.PostProcessorRegistrationDelegate$BeanPostProcessorChecker - Bean 'org.springframework.transaction.annotation.ProxyTransactionManagementConfiguration' of type [org.springframework.transaction.annotation.ProxyTransactionManagementConfiguration$$EnhancerBySpringCGLIB$$e9f08be8] is not eligible for getting processed by all BeanPostProcessors (for example: not eligible for auto-proxying)
09:15:54.837 logback [restartedMain] INFO  o.s.b.w.e.tomcat.TomcatWebServer - Tomcat initialized with port(s): 8080 (http)
09:15:54.853 logback [restartedMain] INFO  o.a.coyote.http11.Http11NioProtocol - Initializing ProtocolHandler ["http-nio-8080"]
09:15:54.865 logback [restartedMain] INFO  o.a.catalina.core.StandardService - Starting service [Tomcat]
09:15:54.865 logback [restartedMain] INFO  o.a.catalina.core.StandardEngine - Starting Servlet Engine: Apache Tomcat/8.5.29
09:15:54.870 logback [localhost-startStop-1] INFO  o.a.c.core.AprLifecycleListener - The APR based Apache Tomcat Native library which allows optimal performance in production environments was not found on the java.library.path: [C:\Program Files\Java\jdk1.8.0_171\bin;C:\Windows\Sun\Java\bin;C:\Windows\system32;C:\Windows;C:\Program Files (x86)\Common Files\Oracle\Java\javapath;E:\app\Administrator\product\11.2.0\dbhome_1\bin;C:\Program Files\Common Files\Microsoft Shared\Windows Live;C:\ProgramData\Oracle\Java\javapath;C:\Windows\system32;C:\Windows;C:\Windows\System32\Wbem;C:\Windows\System32\WindowsPowerShell\v1.0\;C:\Program Files (x86)\NVIDIA Corporation\PhysX\Common;C:\Program Files (x86)\QuickTime\QTSystem\;D:\Qiyi\java\jdk1.7.0_51\bin;D:\Qiyi\java\jdk1.7.0_51\jre\bin;E:\UB\open\OpenVPN\bin;D:\Qiyi\新建文件夹 (2)\apache-tomcat-7.0.47\bin;C:\P;ogram Files\TortoiseSVN\bin;E:\maven\bin;E:\MongoDB\bin;E:\UB\Git\cmd;C:\Program Files\Common Files\Microsoft Shared\Windows Live;.]
09:15:55.143 logback [localhost-startStop-1] INFO  o.a.c.c.C.[Tomcat].[localhost].[/] - Initializing Spring embedded WebApplicationContext
09:15:55.143 logback [localhost-startStop-1] INFO  o.s.web.context.ContextLoader - Root WebApplicationContext: initialization completed in 2474 ms
09:15:55.349 logback [localhost-startStop-1] INFO  o.s.b.w.s.ServletRegistrationBean - Servlet dispatcherServlet mapped to [/]
09:15:55.354 logback [localhost-startStop-1] INFO  o.s.b.w.s.FilterRegistrationBean - Mapping filter: 'characterEncodingFilter' to: [/*]
09:15:55.355 logback [localhost-startStop-1] INFO  o.s.b.w.s.FilterRegistrationBean - Mapping filter: 'hiddenHttpMethodFilter' to: [/*]
09:15:55.355 logback [localhost-startStop-1] INFO  o.s.b.w.s.FilterRegistrationBean - Mapping filter: 'httpPutFormContentFilter' to: [/*]
09:15:55.355 logback [localhost-startStop-1] INFO  o.s.b.w.s.FilterRegistrationBean - Mapping filter: 'requestContextFilter' to: [/*]
09:15:56.170 logback [restartedMain] INFO  o.s.w.s.h.SimpleUrlHandlerMapping - Mapped URL path [/**/favicon.ico] onto handler of type [class org.springframework.web.servlet.resource.ResourceHttpRequestHandler]
09:15:56.662 logback [restartedMain] INFO  o.s.w.s.m.m.a.RequestMappingHandlerAdapter - Looking for @ControllerAdvice: org.springframework.boot.web.servlet.context.AnnotationConfigServletWebServerApplicationContext@3d33ba8b: startup date [Mon Jul 09 09:15:52 CST 2018]; root of context hierarchy
09:15:56.748 logback [restartedMain] INFO  o.s.w.s.m.m.a.RequestMappingHandlerMapping - Mapped "{[/addgroup]}" onto public java.lang.String com.sdgl.controller.one.onecontroller.ssc()
09:15:56.749 logback [restartedMain] INFO  o.s.w.s.m.m.a.RequestMappingHandlerMapping - Mapped "{[/adjustment]}" onto public java.lang.String com.sdgl.controller.one.onecontroller.ssa()
09:15:56.749 logback [restartedMain] INFO  o.s.w.s.m.m.a.RequestMappingHandlerMapping - Mapped "{[/car]}" onto public java.lang.String com.sdgl.controller.one.onecontroller.ssv()
09:15:56.750 logback [restartedMain] INFO  o.s.w.s.m.m.a.RequestMappingHandlerMapping - Mapped "{[/rili]}" onto public java.lang.String com.sdgl.controller.one.onecontroller.ssn()
09:15:56.750 logback [restartedMain] INFO  o.s.w.s.m.m.a.RequestMappingHandlerMapping - Mapped "{[/sss]}" onto public java.lang.String com.sdgl.controller.one.onecontroller.ssm()
09:15:56.751 logback [restartedMain] INFO  o.s.w.s.m.m.a.RequestMappingHandlerMapping - Mapped "{[/Untitled-1]}" onto public java.lang.String com.sdgl.controller.one.onecontroller.ssu()
09:15:56.753 logback [restartedMain] INFO  o.s.w.s.m.m.a.RequestMappingHandlerMapping - Mapped "{[/qq/ww]}" onto public java.lang.String com.sdgl.controller.set.AccountController.seleec()
09:15:56.756 logback [restartedMain] INFO  o.s.w.s.m.m.a.RequestMappingHandlerMapping - Mapped "{[/user/insert]}" onto public java.lang.String com.sdgl.controller.set.UserController.insert(com.sdgl.pojo.set.User)
09:15:56.759 logback [restartedMain] INFO  o.s.w.s.m.m.a.RequestMappingHandlerMapping - Mapped "{[/deleteHotelRelation]}" onto public java.lang.String com.sdgl.controller.suppliers.HotelController.deleteHotelRelation(com.sdgl.pojo.suppliers.Relation)
09:15:56.759 logback [restartedMain] INFO  o.s.w.s.m.m.a.RequestMappingHandlerMapping - Mapped "{[/updateHotelRelation]}" onto public java.lang.String com.sdgl.controller.suppliers.HotelController.updateHotelRelation(com.sdgl.pojo.suppliers.Relation)
09:15:56.760 logback [restartedMain] INFO  o.s.w.s.m.m.a.RequestMappingHandlerMapping - Mapped "{[/selectHotelRelation]}" onto public java.lang.String com.sdgl.controller.suppliers.HotelController.selectHotelRelation(com.sdgl.pojo.suppliers.Relation)
09:15:56.760 logback [restartedMain] INFO  o.s.w.s.m.m.a.RequestMappingHandlerMapping - Mapped "{[/hotelList]}" onto public java.lang.String com.sdgl.controller.suppliers.HotelController.selectAllHotel(com.sdgl.pojo.suppliers.Hotel,java.lang.Integer)
09:15:56.761 logback [restartedMain] INFO  o.s.w.s.m.m.a.RequestMappingHandlerMapping - Mapped "{[/hotelById]}" onto public java.lang.String com.sdgl.controller.suppliers.HotelController.selectHotelById(java.lang.Integer,javax.servlet.http.HttpSession)
09:15:56.761 logback [restartedMain] INFO  o.s.w.s.m.m.a.RequestMappingHandlerMapping - Mapped "{[/addHotel]}" onto public java.lang.String com.sdgl.controller.suppliers.HotelController.addHotel(com.sdgl.pojo.suppliers.Hotel)
09:15:56.762 logback [restartedMain] INFO  o.s.w.s.m.m.a.RequestMappingHandlerMapping - Mapped "{[/addImage]}" onto public java.lang.String com.sdgl.controller.suppliers.HotelController.addImage(java.lang.Integer,javax.servlet.http.HttpServletRequest)
09:15:56.762 logback [restartedMain] INFO  o.s.w.s.m.m.a.RequestMappingHandlerMapping - Mapped "{[/updateHotel]}" onto public java.lang.String com.sdgl.controller.suppliers.HotelController.updateHotel(com.sdgl.pojo.suppliers.Hotel)
09:15:56.763 logback [restartedMain] INFO  o.s.w.s.m.m.a.RequestMappingHandlerMapping - Mapped "{[/addHotelRelation]}" onto public java.lang.String com.sdgl.controller.suppliers.HotelController.addHotelRelation(com.sdgl.pojo.suppliers.Relation)
09:15:56.763 logback [restartedMain] INFO  o.s.w.s.m.m.a.RequestMappingHandlerMapping - Mapped "{[/addHotelPrice]}" onto public java.lang.String com.sdgl.controller.suppliers.HotelController.addHotelPrice(com.sdgl.pojo.suppliers.HotelPrice)
09:15:56.763 logback [restartedMain] INFO  o.s.w.s.m.m.a.RequestMappingHandlerMapping - Mapped "{[/deleteHotelPrice]}" onto public java.lang.String com.sdgl.controller.suppliers.HotelController.deleteHotelPrice(com.sdgl.pojo.suppliers.HotelPrice)
09:15:56.764 logback [restartedMain] INFO  o.s.w.s.m.m.a.RequestMappingHandlerMapping - Mapped "{[/updateHotelPrice]}" onto public java.lang.String com.sdgl.controller.suppliers.HotelController.updateHotelPrice(com.sdgl.pojo.suppliers.HotelPrice)
09:15:56.764 logback [restartedMain] INFO  o.s.w.s.m.m.a.RequestMappingHandlerMapping - Mapped "{[/selectHotelPrice]}" onto public java.lang.String com.sdgl.controller.suppliers.HotelController.selectHotelPrice(com.sdgl.pojo.suppliers.HotelPrice)
09:15:56.766 logback [restartedMain] INFO  o.s.w.s.m.m.a.RequestMappingHandlerMapping - Mapped "{[/restaurant_add.do]}" onto public java.lang.String com.sdgl.controller.suppliers.Page.restaurant_add()
09:15:56.767 logback [restartedMain] INFO  o.s.w.s.m.m.a.RequestMappingHandlerMapping - Mapped "{[/restaurant_info.do]}" onto public java.lang.String com.sdgl.controller.suppliers.Page.restaurant_info()
09:15:56.767 logback [restartedMain] INFO  o.s.w.s.m.m.a.RequestMappingHandlerMapping - Mapped "{[/agency_add.do]}" onto public java.lang.String com.sdgl.controller.suppliers.Page.agency_add()
09:15:56.767 logback [restartedMain] INFO  o.s.w.s.m.m.a.RequestMappingHandlerMapping - Mapped "{[/bus_fleet_add.do]}" onto public java.lang.String com.sdgl.controller.suppliers.Page.bus_fleet_add()
09:15:56.768 logback [restartedMain] INFO  o.s.w.s.m.m.a.RequestMappingHandlerMapping - Mapped "{[/agency_info.do]}" onto public java.lang.String com.sdgl.controller.suppliers.Page.agency_info()
09:15:56.768 logback [restartedMain] INFO  o.s.w.s.m.m.a.RequestMappingHandlerMapping - Mapped "{[/bus_fleet_info.do]}" onto public java.lang.String com.sdgl.controller.suppliers.Page.bus_fleet_info()
09:15:56.768 logback [restartedMain] INFO  o.s.w.s.m.m.a.RequestMappingHandlerMapping - Mapped "{[/product_add.do]}" onto public java.lang.String com.sdgl.controller.suppliers.Page.product_add()
09:15:56.769 logback [restartedMain] INFO  o.s.w.s.m.m.a.RequestMappingHandlerMapping - Mapped "{[/product_info.do]}" onto public java.lang.String com.sdgl.controller.suppliers.Page.product_info()
09:15:56.769 logback [restartedMain] INFO  o.s.w.s.m.m.a.RequestMappingHandlerMapping - Mapped "{[/hotel_add.do]}" onto public java.lang.String com.sdgl.controller.suppliers.Page.hotel_add()
09:15:56.769 logback [restartedMain] INFO  o.s.w.s.m.m.a.RequestMappingHandlerMapping - Mapped "{[/hotel_show.do]}" onto public java.lang.String com.sdgl.controller.suppliers.Page.hotel_show()
09:15:56.770 logback [restartedMain] INFO  o.s.w.s.m.m.a.RequestMappingHandlerMapping - Mapped "{[/ticket_add.do]}" onto public java.lang.String com.sdgl.controller.suppliers.Page.ticket_add()
09:15:56.770 logback [restartedMain] INFO  o.s.w.s.m.m.a.RequestMappingHandlerMapping - Mapped "{[/ticket_info]}" onto public java.lang.String com.sdgl.controller.suppliers.Page.ticket_info()
09:15:56.770 logback [restartedMain] INFO  o.s.w.s.m.m.a.RequestMappingHandlerMapping - Mapped "{[/ticketing_add.do]}" onto public java.lang.String com.sdgl.controller.suppliers.Page.ticketing_add()
09:15:56.771 logback [restartedMain] INFO  o.s.w.s.m.m.a.RequestMappingHandlerMapping - Mapped "{[/ticketing_info.do]}" onto public java.lang.String com.sdgl.controller.suppliers.Page.ticketing_info()
09:15:56.773 logback [restartedMain] INFO  o.s.w.s.m.m.a.RequestMappingHandlerMapping - Mapped "{[/wrd_upload]}" onto public java.lang.Object com.sdgl.controller.suppliers.PaiowuController_wrd.add_wrd(com.sdgl.pojo.suppliers.Ticketing)
09:15:56.773 logback [restartedMain] INFO  o.s.w.s.m.m.a.RequestMappingHandlerMapping - Mapped "{[/cha_wrd],methods=[POST]}" onto public java.lang.String com.sdgl.controller.suppliers.PaiowuController_wrd.cha_wrd()
09:15:56.774 logback [restartedMain] INFO  o.s.w.s.m.m.a.RequestMappingHandlerMapping - Mapped "{[/canting]}" onto public java.lang.String com.sdgl.controller.suppliers.TestXu.canting()
09:15:56.775 logback [restartedMain] INFO  o.s.w.s.m.m.a.RequestMappingHandlerMapping - Mapped "{[/chedui]}" onto public java.lang.String com.sdgl.controller.suppliers.TestXu.chedui()
09:15:56.775 logback [restartedMain] INFO  o.s.w.s.m.m.a.RequestMappingHandlerMapping - Mapped "{[/dijieshe]}" onto public java.lang.String com.sdgl.controller.suppliers.TestXu.dijieshe()
09:15:56.775 logback [restartedMain] INFO  o.s.w.s.m.m.a.RequestMappingHandlerMapping - Mapped "{[/gouwu]}" onto public java.lang.String com.sdgl.controller.suppliers.TestXu.gouwu()
09:15:56.776 logback [restartedMain] INFO  o.s.w.s.m.m.a.RequestMappingHandlerMapping - Mapped "{[/jiudian]}" onto public java.lang.String com.sdgl.controller.suppliers.TestXu.jiudian()
09:15:56.776 logback [restartedMain] INFO  o.s.w.s.m.m.a.RequestMappingHandlerMapping - Mapped "{[/menpiao]}" onto public java.lang.String com.sdgl.controller.suppliers.TestXu.menpiao()
09:15:56.776 logback [restartedMain] INFO  o.s.w.s.m.m.a.RequestMappingHandlerMapping - Mapped "{[/piaowu]}" onto public java.lang.String com.sdgl.controller.suppliers.TestXu.piaowu()
09:15:56.777 logback [restartedMain] INFO  o.s.w.s.m.m.a.RequestMappingHandlerMapping - Mapped "{[/relationuploadimg],methods=[POST]}" onto public int com.sdgl.controller.suppliersfei.ImagesController.relationuploadimg(org.springframework.web.multipart.MultipartFile,javax.servlet.http.HttpServletRequest)
09:15:56.778 logback [restartedMain] INFO  o.s.w.s.m.m.a.RequestMappingHandlerMapping - Mapped "{[/selectImgByOtherId],methods=[POST]}" onto public java.util.List<com.sdgl.pojo.suppliersfei.Images> com.sdgl.controller.suppliersfei.ImagesController.selectImgByOtherId(java.lang.Integer)
09:15:56.779 logback [restartedMain] INFO  o.s.w.s.m.m.a.RequestMappingHandlerMapping - Mapped "{[/updaterelationbyid],methods=[POST]}" onto public int com.sdgl.controller.suppliersfei.RelationController.updaterelationbyid(com.sdgl.pojo.suppliersfei.Relations)
09:15:56.780 logback [restartedMain] INFO  o.s.w.s.m.m.a.RequestMappingHandlerMapping - Mapped "{[/insertrelation],methods=[POST]}" onto public java.lang.String com.sdgl.controller.suppliersfei.RelationController.insertrelation(com.sdgl.pojo.suppliersfei.Relations)
09:15:56.780 logback [restartedMain] INFO  o.s.w.s.m.m.a.RequestMappingHandlerMapping - Mapped "{[/deletebyrelaid],methods=[POST]}" onto public int com.sdgl.controller.suppliersfei.RelationController.deletebyrelaid(com.sdgl.pojo.suppliersfei.Relations)
09:15:56.781 logback [restartedMain] INFO  o.s.w.s.m.m.a.RequestMappingHandlerMapping - Mapped "{[/selectTicketsById],methods=[POST]}" onto public com.sdgl.pojo.suppliersfei.Tickets com.sdgl.controller.suppliersfei.TicketController.selectTicketsById(java.lang.Integer)
09:15:56.782 logback [restartedMain] INFO  o.s.w.s.m.m.a.RequestMappingHandlerMapping - Mapped "{[/selectAllTickets],methods=[POST]}" onto public java.util.List<com.sdgl.pojo.suppliersfei.AllTickets> com.sdgl.controller.suppliersfei.TicketController.selectAllTickets(com.sdgl.pojo.suppliersfei.Tickets,java.lang.Integer,java.lang.Integer,javax.servlet.http.HttpServletRequest,java.lang.String)
09:15:56.782 logback [restartedMain] INFO  o.s.w.s.m.m.a.RequestMappingHandlerMapping - Mapped "{[/addTickets],methods=[POST]}" onto public java.lang.String com.sdgl.controller.suppliersfei.TicketController.addTickets(com.sdgl.pojo.suppliersfei.Tickets)
09:15:56.783 logback [restartedMain] INFO  o.s.w.s.m.m.a.RequestMappingHandlerMapping - Mapped "{[/deletebyfareid],methods=[POST]}" onto public int com.sdgl.controller.suppliersfei.TicketFareController.deletebyfareid(java.lang.Integer)
09:15:56.783 logback [restartedMain] INFO  o.s.w.s.m.m.a.RequestMappingHandlerMapping - Mapped "{[/insertTicketFare],methods=[POST]}" onto public int com.sdgl.controller.suppliersfei.TicketFareController.insertTicketFare(com.sdgl.pojo.suppliersfei.TicketFares)
09:15:56.784 logback [restartedMain] INFO  o.s.w.s.m.m.a.RequestMappingHandlerMapping - Mapped "{[/updateTicketFare],methods=[POST]}" onto public int com.sdgl.controller.suppliersfei.TicketFareController.updateTicketFare(com.sdgl.pojo.suppliersfei.TicketFares)
09:15:56.784 logback [restartedMain] INFO  o.s.w.s.m.m.a.RequestMappingHandlerMapping - Mapped "{[/goTicketAdd/{id}]}" onto public java.lang.String com.sdgl.controller.suppliersfei.TicketPageController.goTicketAdd()
09:15:56.785 logback [restartedMain] INFO  o.s.w.s.m.m.a.RequestMappingHandlerMapping - Mapped "{[/goTicketInfo/{id}]}" onto public java.lang.String com.sdgl.controller.suppliersfei.TicketPageController.goTicketInfo()
09:15:56.788 logback [restartedMain] INFO  o.s.w.s.m.m.a.RequestMappingHandlerMapping - Mapped "{[/error]}" onto public org.springframework.http.ResponseEntity<java.util.Map<java.lang.String, java.lang.Object>> org.springframework.boot.autoconfigure.web.servlet.error.BasicErrorController.error(javax.servlet.http.HttpServletRequest)
09:15:56.789 logback [restartedMain] INFO  o.s.w.s.m.m.a.RequestMappingHandlerMapping - Mapped "{[/error],produces=[text/html]}" onto public org.springframework.web.servlet.ModelAndView org.springframework.boot.autoconfigure.web.servlet.error.BasicErrorController.errorHtml(javax.servlet.http.HttpServletRequest,javax.servlet.http.HttpServletResponse)
09:15:56.850 logback [restartedMain] INFO  o.s.w.s.h.SimpleUrlHandlerMapping - Mapped URL path [/webjars/**] onto handler of type [class org.springframework.web.servlet.resource.ResourceHttpRequestHandler]
09:15:56.850 logback [restartedMain] INFO  o.s.w.s.h.SimpleUrlHandlerMapping - Mapped URL path [/**] onto handler of type [class org.springframework.web.servlet.resource.ResourceHttpRequestHandler]
09:15:57.640 logback [restartedMain] INFO  o.s.w.s.v.f.FreeMarkerConfigurer - ClassTemplateLoader for Spring macros added to FreeMarker configuration
09:15:57.943 logback [restartedMain] INFO  o.s.b.d.a.OptionalLiveReloadServer - LiveReload server is running on port 35729
09:15:57.987 logback [restartedMain] INFO  o.s.j.e.a.AnnotationMBeanExporter - Registering beans for JMX exposure on startup
09:15:57.988 logback [restartedMain] INFO  o.s.j.e.a.AnnotationMBeanExporter - Bean with name 'dataSource' has been autodetected for JMX exposure
09:15:57.995 logback [restartedMain] INFO  o.s.j.e.a.AnnotationMBeanExporter - Located MBean 'dataSource': registering with JMX server as MBean [com.alibaba.druid.pool:name=dataSource,type=DruidDataSource]
09:15:58.011 logback [restartedMain] INFO  o.a.coyote.http11.Http11NioProtocol - Starting ProtocolHandler ["http-nio-8080"]
09:15:58.025 logback [restartedMain] INFO  o.a.tomcat.util.net.NioSelectorPool - Using a shared selector for servlet write/read
09:15:58.048 logback [restartedMain] INFO  o.s.b.w.e.tomcat.TomcatWebServer - Tomcat started on port(s): 8080 (http) with context path ''
09:15:58.053 logback [restartedMain] INFO  com.sdgl.Application - Started Application in 6.232 seconds (JVM running for 7.898)
09:16:28.159 logback [http-nio-8080-exec-1] INFO  o.a.c.c.C.[Tomcat].[localhost].[/] - Initializing Spring FrameworkServlet 'dispatcherServlet'
09:16:28.159 logback [http-nio-8080-exec-1] INFO  o.s.web.servlet.DispatcherServlet - FrameworkServlet 'dispatcherServlet': initialization started
09:16:28.197 logback [http-nio-8080-exec-1] INFO  o.s.web.servlet.DispatcherServlet - FrameworkServlet 'dispatcherServlet': initialization completed in 38 ms
